> Task :gradle:checkKotlinGradlePluginConfigurationErrors SKIPPED
> Task :gradle:compileKotlin UP-TO-DATE
> Task :gradle:compileJava NO-SOURCE
> Task :gradle:compileGroovy NO-SOURCE
> Task :gradle:pluginDescriptors UP-TO-DATE
> Task :gradle:processResources UP-TO-DATE
> Task :gradle:classes UP-TO-DATE
> Task :gradle:jar UP-TO-DATE

> Configure project :app
e: file:///D:/payKey/mobile/android/app/build.gradle.kts:61:1: Unexpected symbol
w: file:///D:/payKey/mobile/android/app/build.gradle.kts:19:9: 'jvmTarget: String' is deprecated. Please migrate to the compilerOptions DSL. More details are here: https://kotl.in/u1r8ln
e: file:///D:/payKey/mobile/android/app/build.gradle.kts:54:5: Unresolved reference. None of the following candidates is applicable because of receiver type mismatch: 
public fun ArtifactHandler.testImplementation(artifactNotation: Any): PublishArtifact defined in org.gradle.kotlin.dsl
public fun ArtifactHandler.testImplementation(artifactNotation: Any, configureAction: Action<ConfigurablePublishArtifact>): PublishArtifact defined in org.gradle.kotlin.dsl
public fun DependencyConstraintHandler.testImplementation(constraintNotation: Any): DependencyConstraint defined in org.gradle.kotlin.dsl
public fun DependencyConstraintHandler.testImplementation(constraintNotation: Any, block: Action<DependencyConstraint>): DependencyConstraint defined in org.gradle.kotlin.dsl
public fun <T : Dependency?> DependencyHandler.testImplementation(dependency: TypeVariable(T), action: Action<TypeVariable(T)>): TypeVariable(T) defined in org.gradle.kotlin.dsl
public fun DependencyHandler.testImplementation(dependencyNotation: Any): Dependency? defined in org.gradle.kotlin.dsl
public fun DependencyHandler.testImplementation(group: String?, name: String?, version: String? = ..., configuration: String? = ..., classifier: String? = ..., ext: String? = ..., dependencyConfiguration: Action<ExternalModuleDependency>? = ...): ExternalModuleDependency defined in org.gradle.kotlin.dsl
public fun DependencyHandler.testImplementation(dependencyNotation: String?, dependencyConfiguration: Action<ExternalModuleDependency>): ExternalModuleDependency defined in org.gradle.kotlin.dsl
public fun DependencyHandler.testImplementation(dependencyNotation: Provider<*>, dependencyConfiguration: Action<ExternalModuleDependency>): Unit defined in org.gradle.kotlin.dsl
public fun DependencyHandler.testImplementation(dependencyNotation: ProviderConvertible<*>, dependencyConfiguration: Action<ExternalModuleDependency>): Unit defined in org.gradle.kotlin.dsl
e: file:///D:/payKey/mobile/android/app/build.gradle.kts:55:5: Unresolved reference. None of the following candidates is applicable because of receiver type mismatch: 
public fun ArtifactHandler.testImplementation(artifactNotation: Any): PublishArtifact defined in org.gradle.kotlin.dsl
public fun ArtifactHandler.testImplementation(artifactNotation: Any, configureAction: Action<ConfigurablePublishArtifact>): PublishArtifact defined in org.gradle.kotlin.dsl
public fun DependencyConstraintHandler.testImplementation(constraintNotation: Any): DependencyConstraint defined in org.gradle.kotlin.dsl
public fun DependencyConstraintHandler.testImplementation(constraintNotation: Any, block: Action<DependencyConstraint>): DependencyConstraint defined in org.gradle.kotlin.dsl
public fun <T : Dependency?> DependencyHandler.testImplementation(dependency: TypeVariable(T), action: Action<TypeVariable(T)>): TypeVariable(T) defined in org.gradle.kotlin.dsl
public fun DependencyHandler.testImplementation(dependencyNotation: Any): Dependency? defined in org.gradle.kotlin.dsl
public fun DependencyHandler.testImplementation(group: String?, name: String?, version: String? = ..., configuration: String? = ..., classifier: String? = ..., ext: String? = ..., dependencyConfiguration: Action<ExternalModuleDependency>? = ...): ExternalModuleDependency defined in org.gradle.kotlin.dsl
public fun DependencyHandler.testImplementation(dependencyNotation: String?, dependencyConfiguration: Action<ExternalModuleDependency>): ExternalModuleDependency defined in org.gradle.kotlin.dsl
public fun DependencyHandler.testImplementation(dependencyNotation: Provider<*>, dependencyConfiguration: Action<ExternalModuleDependency>): Unit defined in org.gradle.kotlin.dsl
public fun DependencyHandler.testImplementation(dependencyNotation: ProviderConvertible<*>, dependencyConfiguration: Action<ExternalModuleDependency>): Unit defined in org.gradle.kotlin.dsl
e: file:///D:/payKey/mobile/android/app/build.gradle.kts:56:5: Unresolved reference. None of the following candidates is applicable because of receiver type mismatch: 
public fun ArtifactHandler.testImplementation(artifactNotation: Any): PublishArtifact defined in org.gradle.kotlin.dsl
public fun ArtifactHandler.testImplementation(artifactNotation: Any, configureAction: Action<ConfigurablePublishArtifact>): PublishArtifact defined in org.gradle.kotlin.dsl
public fun DependencyConstraintHandler.testImplementation(constraintNotation: Any): DependencyConstraint defined in org.gradle.kotlin.dsl
public fun DependencyConstraintHandler.testImplementation(constraintNotation: Any, block: Action<DependencyConstraint>): DependencyConstraint defined in org.gradle.kotlin.dsl
public fun <T : Dependency?> DependencyHandler.testImplementation(dependency: TypeVariable(T), action: Action<TypeVariable(T)>): TypeVariable(T) defined in org.gradle.kotlin.dsl
public fun DependencyHandler.testImplementation(dependencyNotation: Any): Dependency? defined in org.gradle.kotlin.dsl
public fun DependencyHandler.testImplementation(group: String?, name: String?, version: String? = ..., configuration: String? = ..., classifier: String? = ..., ext: String? = ..., dependencyConfiguration: Action<ExternalModuleDependency>? = ...): ExternalModuleDependency defined in org.gradle.kotlin.dsl
public fun DependencyHandler.testImplementation(dependencyNotation: String?, dependencyConfiguration: Action<ExternalModuleDependency>): ExternalModuleDependency defined in org.gradle.kotlin.dsl
public fun DependencyHandler.testImplementation(dependencyNotation: Provider<*>, dependencyConfiguration: Action<ExternalModuleDependency>): Unit defined in org.gradle.kotlin.dsl
public fun DependencyHandler.testImplementation(dependencyNotation: ProviderConvertible<*>, dependencyConfiguration: Action<ExternalModuleDependency>): Unit defined in org.gradle.kotlin.dsl
e: file:///D:/payKey/mobile/android/app/build.gradle.kts:57:5: Unresolved reference. None of the following candidates is applicable because of receiver type mismatch: 
public fun ArtifactHandler.testImplementation(artifactNotation: Any): PublishArtifact defined in org.gradle.kotlin.dsl
public fun ArtifactHandler.testImplementation(artifactNotation: Any, configureAction: Action<ConfigurablePublishArtifact>): PublishArtifact defined in org.gradle.kotlin.dsl
public fun DependencyConstraintHandler.testImplementation(constraintNotation: Any): DependencyConstraint defined in org.gradle.kotlin.dsl
public fun DependencyConstraintHandler.testImplementation(constraintNotation: Any, block: Action<DependencyConstraint>): DependencyConstraint defined in org.gradle.kotlin.dsl
public fun <T : Dependency?> DependencyHandler.testImplementation(dependency: TypeVariable(T), action: Action<TypeVariable(T)>): TypeVariable(T) defined in org.gradle.kotlin.dsl
public fun DependencyHandler.testImplementation(dependencyNotation: Any): Dependency? defined in org.gradle.kotlin.dsl
public fun DependencyHandler.testImplementation(group: String?, name: String?, version: String? = ..., configuration: String? = ..., classifier: String? = ..., ext: String? = ..., dependencyConfiguration: Action<ExternalModuleDependency>? = ...): ExternalModuleDependency defined in org.gradle.kotlin.dsl
public fun DependencyHandler.testImplementation(dependencyNotation: String?, dependencyConfiguration: Action<ExternalModuleDependency>): ExternalModuleDependency defined in org.gradle.kotlin.dsl
public fun DependencyHandler.testImplementation(dependencyNotation: Provider<*>, dependencyConfiguration: Action<ExternalModuleDependency>): Unit defined in org.gradle.kotlin.dsl
public fun DependencyHandler.testImplementation(dependencyNotation: ProviderConvertible<*>, dependencyConfiguration: Action<ExternalModuleDependency>): Unit defined in org.gradle.kotlin.dsl
e: file:///D:/payKey/mobile/android/app/build.gradle.kts:59:5: Unresolved reference. None of the following candidates is applicable because of receiver type mismatch: 
public fun ArtifactHandler.androidTestImplementation(artifactNotation: Any): PublishArtifact defined in org.gradle.kotlin.dsl
public fun ArtifactHandler.androidTestImplementation(artifactNotation: Any, configureAction: Action<ConfigurablePublishArtifact>): PublishArtifact defined in org.gradle.kotlin.dsl
public fun DependencyConstraintHandler.androidTestImplementation(constraintNotation: Any): DependencyConstraint defined in org.gradle.kotlin.dsl
public fun DependencyConstraintHandler.androidTestImplementation(constraintNotation: Any, block: Action<DependencyConstraint>): DependencyConstraint defined in org.gradle.kotlin.dsl
public fun <T : Dependency?> DependencyHandler.androidTestImplementation(dependency: TypeVariable(T), action: Action<TypeVariable(T)>): TypeVariable(T) defined in org.gradle.kotlin.dsl
public fun DependencyHandler.androidTestImplementation(dependencyNotation: Any): Dependency? defined in org.gradle.kotlin.dsl
public fun DependencyHandler.androidTestImplementation(group: String?, name: String?, version: String? = ..., configuration: String? = ..., classifier: String? = ..., ext: String? = ..., dependencyConfiguration: Action<ExternalModuleDependency>? = ...): ExternalModuleDependency defined in org.gradle.kotlin.dsl
public fun DependencyHandler.androidTestImplementation(dependencyNotation: String?, dependencyConfiguration: Action<ExternalModuleDependency>): ExternalModuleDependency defined in org.gradle.kotlin.dsl
public fun DependencyHandler.androidTestImplementation(dependencyNotation: Provider<*>, dependencyConfiguration: Action<ExternalModuleDependency>): Unit defined in org.gradle.kotlin.dsl
public fun DependencyHandler.androidTestImplementation(dependencyNotation: ProviderConvertible<*>, dependencyConfiguration: Action<ExternalModuleDependency>): Unit defined in org.gradle.kotlin.dsl
e: file:///D:/payKey/mobile/android/app/build.gradle.kts:60:5: Unresolved reference. None of the following candidates is applicable because of receiver type mismatch: 
public fun ArtifactHandler.androidTestImplementation(artifactNotation: Any): PublishArtifact defined in org.gradle.kotlin.dsl
public fun ArtifactHandler.androidTestImplementation(artifactNotation: Any, configureAction: Action<ConfigurablePublishArtifact>): PublishArtifact defined in org.gradle.kotlin.dsl
public fun DependencyConstraintHandler.androidTestImplementation(constraintNotation: Any): DependencyConstraint defined in org.gradle.kotlin.dsl
public fun DependencyConstraintHandler.androidTestImplementation(constraintNotation: Any, block: Action<DependencyConstraint>): DependencyConstraint defined in org.gradle.kotlin.dsl
public fun <T : Dependency?> DependencyHandler.androidTestImplementation(dependency: TypeVariable(T), action: Action<TypeVariable(T)>): TypeVariable(T) defined in org.gradle.kotlin.dsl
public fun DependencyHandler.androidTestImplementation(dependencyNotation: Any): Dependency? defined in org.gradle.kotlin.dsl
public fun DependencyHandler.androidTestImplementation(group: String?, name: String?, version: String? = ..., configuration: String? = ..., classifier: String? = ..., ext: String? = ..., dependencyConfiguration: Action<ExternalModuleDependency>? = ...): ExternalModuleDependency defined in org.gradle.kotlin.dsl
public fun DependencyHandler.androidTestImplementation(dependencyNotation: String?, dependencyConfiguration: Action<ExternalModuleDependency>): ExternalModuleDependency defined in org.gradle.kotlin.dsl
public fun DependencyHandler.androidTestImplementation(dependencyNotation: Provider<*>, dependencyConfiguration: Action<ExternalModuleDependency>): Unit defined in org.gradle.kotlin.dsl
public fun DependencyHandler.androidTestImplementation(dependencyNotation: ProviderConvertible<*>, dependencyConfiguration: Action<ExternalModuleDependency>): Unit defined in org.gradle.kotlin.dsl

FAILURE: Build failed with an exception.

* Where:
Build file 'D:\payKey\mobile\android\app\build.gradle.kts' line: 19

* What went wrong:
Script compilation errors:

  Line 19:         jvmTarget = JavaVersion.VERSION_17.toString()
                   ^ 'jvmTarget: String' is deprecated. Please migrate to the compilerOptions DSL. More details are here: https://kotl.in/u1r8ln

  Line 54:     testImplementation("junit:junit:4.13.2")
               ^ Unresolved reference. None of the following candidates is applicable because of receiver type mismatch: 
                   public fun ArtifactHandler.testImplementation(artifactNotation: Any): PublishArtifact defined in org.gradle.kotlin.dsl
                   public fun ArtifactHandler.testImplementation(artifactNotation: Any, configureAction: Action<ConfigurablePublishArtifact>): PublishArtifact defined in org.gradle.kotlin.dsl
                   public fun DependencyConstraintHandler.testImplementation(constraintNotation: Any): DependencyConstraint defined in org.gradle.kotlin.dsl
                   public fun DependencyConstraintHandler.testImplementation(constraintNotation: Any, block: Action<DependencyConstraint>): DependencyConstraint defined in org.gradle.kotlin.dsl
                   public fun <T : Dependency?> DependencyHandler.testImplementation(dependency: TypeVariable(T), action: Action<TypeVariable(T)>): TypeVariable(T) defined in org.gradle.kotlin.dsl
                   public fun DependencyHandler.testImplementation(dependencyNotation: Any): Dependency? defined in org.gradle.kotlin.dsl
                   public fun DependencyHandler.testImplementation(group: String?, name: String?, version: String? = ..., configuration: String? = ..., classifier: String? = ..., ext: String? = ..., dependencyConfiguration: Action<ExternalModuleDependency>? = ...): ExternalModuleDependency defined in org.gradle.kotlin.dsl
                   public fun DependencyHandler.testImplementation(dependencyNotation: String?, dependencyConfiguration: Action<ExternalModuleDependency>): ExternalModuleDependency defined in org.gradle.kotlin.dsl
                   public fun DependencyHandler.testImplementation(dependencyNotation: Provider<*>, dependencyConfiguration: Action<ExternalModuleDependency>): Unit defined in org.gradle.kotlin.dsl
                   public fun DependencyHandler.testImplementation(dependencyNotation: ProviderConvertible<*>, dependencyConfiguration: Action<ExternalModuleDependency>): Unit defined in org.gradle.kotlin.dsl

  Line 55:     testImplementation("org.mockito:mockito-core:5.7.0")
               ^ Unresolved reference. None of the following candidates is applicable because of receiver type mismatch: 
                   public fun ArtifactHandler.testImplementation(artifactNotation: Any): PublishArtifact defined in org.gradle.kotlin.dsl
                   public fun ArtifactHandler.testImplementation(artifactNotation: Any, configureAction: Action<ConfigurablePublishArtifact>): PublishArtifact defined in org.gradle.kotlin.dsl
                   public fun DependencyConstraintHandler.testImplementation(constraintNotation: Any): DependencyConstraint defined in org.gradle.kotlin.dsl
                   public fun DependencyConstraintHandler.testImplementation(constraintNotation: Any, block: Action<DependencyConstraint>): DependencyConstraint defined in org.gradle.kotlin.dsl
                   public fun <T : Dependency?> DependencyHandler.testImplementation(dependency: TypeVariable(T), action: Action<TypeVariable(T)>): TypeVariable(T) defined in org.gradle.kotlin.dsl
                   public fun DependencyHandler.testImplementation(dependencyNotation: Any): Dependency? defined in org.gradle.kotlin.dsl
                   public fun DependencyHandler.testImplementation(group: String?, name: String?, version: String? = ..., configuration: String? = ..., classifier: String? = ..., ext: String? = ..., dependencyConfiguration: Action<ExternalModuleDependency>? = ...): ExternalModuleDependency defined in org.gradle.kotlin.dsl
                   public fun DependencyHandler.testImplementation(dependencyNotation: String?, dependencyConfiguration: Action<ExternalModuleDependency>): ExternalModuleDependency defined in org.gradle.kotlin.dsl
                   public fun DependencyHandler.testImplementation(dependencyNotation: Provider<*>, dependencyConfiguration: Action<ExternalModuleDependency>): Unit defined in org.gradle.kotlin.dsl
                   public fun DependencyHandler.testImplementation(dependencyNotation: ProviderConvertible<*>, dependencyConfiguration: Action<ExternalModuleDependency>): Unit defined in org.gradle.kotlin.dsl

  Line 56:     testImplementation("org.mockito.kotlin:mockito-kotlin:5.1.0")
               ^ Unresolved reference. None of the following candidates is applicable because of receiver type mismatch: 
                   public fun ArtifactHandler.testImplementation(artifactNotation: Any): PublishArtifact defined in org.gradle.kotlin.dsl
                   public fun ArtifactHandler.testImplementation(artifactNotation: Any, configureAction: Action<ConfigurablePublishArtifact>): PublishArtifact defined in org.gradle.kotlin.dsl
                   public fun DependencyConstraintHandler.testImplementation(constraintNotation: Any): DependencyConstraint defined in org.gradle.kotlin.dsl
                   public fun DependencyConstraintHandler.testImplementation(constraintNotation: Any, block: Action<DependencyConstraint>): DependencyConstraint defined in org.gradle.kotlin.dsl
                   public fun <T : Dependency?> DependencyHandler.testImplementation(dependency: TypeVariable(T), action: Action<TypeVariable(T)>): TypeVariable(T) defined in org.gradle.kotlin.dsl
                   public fun DependencyHandler.testImplementation(dependencyNotation: Any): Dependency? defined in org.gradle.kotlin.dsl
                   public fun DependencyHandler.testImplementation(group: String?, name: String?, version: String? = ..., configuration: String? = ..., classifier: String? = ..., ext: String? = ..., dependencyConfiguration: Action<ExternalModuleDependency>? = ...): ExternalModuleDependency defined in org.gradle.kotlin.dsl
                   public fun DependencyHandler.testImplementation(dependencyNotation: String?, dependencyConfiguration: Action<ExternalModuleDependency>): ExternalModuleDependency defined in org.gradle.kotlin.dsl
                   public fun DependencyHandler.testImplementation(dependencyNotation: Provider<*>, dependencyConfiguration: Action<ExternalModuleDependency>): Unit defined in org.gradle.kotlin.dsl
                   public fun DependencyHandler.testImplementation(dependencyNotation: ProviderConvertible<*>, dependencyConfiguration: Action<ExternalModuleDependency>): Unit defined in org.gradle.kotlin.dsl

  Line 57:     testImplementation("org.robolectric:robolectric:4.11.1")
               ^ Unresolved reference. None of the following candidates is applicable because of receiver type mismatch: 
                   public fun ArtifactHandler.testImplementation(artifactNotation: Any): PublishArtifact defined in org.gradle.kotlin.dsl
                   public fun ArtifactHandler.testImplementation(artifactNotation: Any, configureAction: Action<ConfigurablePublishArtifact>): PublishArtifact defined in org.gradle.kotlin.dsl
                   public fun DependencyConstraintHandler.testImplementation(constraintNotation: Any): DependencyConstraint defined in org.gradle.kotlin.dsl
                   public fun DependencyConstraintHandler.testImplementation(constraintNotation: Any, block: Action<DependencyConstraint>): DependencyConstraint defined in org.gradle.kotlin.dsl
                   public fun <T : Dependency?> DependencyHandler.testImplementation(dependency: TypeVariable(T), action: Action<TypeVariable(T)>): TypeVariable(T) defined in org.gradle.kotlin.dsl
                   public fun DependencyHandler.testImplementation(dependencyNotation: Any): Dependency? defined in org.gradle.kotlin.dsl
                   public fun DependencyHandler.testImplementation(group: String?, name: String?, version: String? = ..., configuration: String? = ..., classifier: String? = ..., ext: String? = ..., dependencyConfiguration: Action<ExternalModuleDependency>? = ...): ExternalModuleDependency defined in org.gradle.kotlin.dsl
                   public fun DependencyHandler.testImplementation(dependencyNotation: String?, dependencyConfiguration: Action<ExternalModuleDependency>): ExternalModuleDependency defined in org.gradle.kotlin.dsl
                   public fun DependencyHandler.testImplementation(dependencyNotation: Provider<*>, dependencyConfiguration: Action<ExternalModuleDependency>): Unit defined in org.gradle.kotlin.dsl
                   public fun DependencyHandler.testImplementation(dependencyNotation: ProviderConvertible<*>, dependencyConfiguration: Action<ExternalModuleDependency>): Unit defined in org.gradle.kotlin.dsl

  Line 59:     androidTestImplementation("androidx.test.ext:junit:1.1.5")
               ^ Unresolved reference. None of the following candidates is applicable because of receiver type mismatch: 
                   public fun ArtifactHandler.androidTestImplementation(artifactNotation: Any): PublishArtifact defined in org.gradle.kotlin.dsl
                   public fun ArtifactHandler.androidTestImplementation(artifactNotation: Any, configureAction: Action<ConfigurablePublishArtifact>): PublishArtifact defined in org.gradle.kotlin.dsl
                   public fun DependencyConstraintHandler.androidTestImplementation(constraintNotation: Any): DependencyConstraint defined in org.gradle.kotlin.dsl
                   public fun DependencyConstraintHandler.androidTestImplementation(constraintNotation: Any, block: Action<DependencyConstraint>): DependencyConstraint defined in org.gradle.kotlin.dsl
                   public fun <T : Dependency?> DependencyHandler.androidTestImplementation(dependency: TypeVariable(T), action: Action<TypeVariable(T)>): TypeVariable(T) defined in org.gradle.kotlin.dsl
                   public fun DependencyHandler.androidTestImplementation(dependencyNotation: Any): Dependency? defined in org.gradle.kotlin.dsl
                   public fun DependencyHandler.androidTestImplementation(group: String?, name: String?, version: String? = ..., configuration: String? = ..., classifier: String? = ..., ext: String? = ..., dependencyConfiguration: Action<ExternalModuleDependency>? = ...): ExternalModuleDependency defined in org.gradle.kotlin.dsl
                   public fun DependencyHandler.androidTestImplementation(dependencyNotation: String?, dependencyConfiguration: Action<ExternalModuleDependency>): ExternalModuleDependency defined in org.gradle.kotlin.dsl
                   public fun DependencyHandler.androidTestImplementation(dependencyNotation: Provider<*>, dependencyConfiguration: Action<ExternalModuleDependency>): Unit defined in org.gradle.kotlin.dsl
                   public fun DependencyHandler.androidTestImplementation(dependencyNotation: ProviderConvertible<*>, dependencyConfiguration: Action<ExternalModuleDependency>): Unit defined in org.gradle.kotlin.dsl

  Line 60:     androidTestImplementation("androidx.test.espresso:espresso-core:3.5.1")
               ^ Unresolved reference. None of the following candidates is applicable because of receiver type mismatch: 
                   public fun ArtifactHandler.androidTestImplementation(artifactNotation: Any): PublishArtifact defined in org.gradle.kotlin.dsl
                   public fun ArtifactHandler.androidTestImplementation(artifactNotation: Any, configureAction: Action<ConfigurablePublishArtifact>): PublishArtifact defined in org.gradle.kotlin.dsl
                   public fun DependencyConstraintHandler.androidTestImplementation(constraintNotation: Any): DependencyConstraint defined in org.gradle.kotlin.dsl
                   public fun DependencyConstraintHandler.androidTestImplementation(constraintNotation: Any, block: Action<DependencyConstraint>): DependencyConstraint defined in org.gradle.kotlin.dsl
                   public fun <T : Dependency?> DependencyHandler.androidTestImplementation(dependency: TypeVariable(T), action: Action<TypeVariable(T)>): TypeVariable(T) defined in org.gradle.kotlin.dsl
                   public fun DependencyHandler.androidTestImplementation(dependencyNotation: Any): Dependency? defined in org.gradle.kotlin.dsl
                   public fun DependencyHandler.androidTestImplementation(group: String?, name: String?, version: String? = ..., configuration: String? = ..., classifier: String? = ..., ext: String? = ..., dependencyConfiguration: Action<ExternalModuleDependency>? = ...): ExternalModuleDependency defined in org.gradle.kotlin.dsl
                   public fun DependencyHandler.androidTestImplementation(dependencyNotation: String?, dependencyConfiguration: Action<ExternalModuleDependency>): ExternalModuleDependency defined in org.gradle.kotlin.dsl
                   public fun DependencyHandler.androidTestImplementation(dependencyNotation: Provider<*>, dependencyConfiguration: Action<ExternalModuleDependency>): Unit defined in org.gradle.kotlin.dsl
                   public fun DependencyHandler.androidTestImplementation(dependencyNotation: ProviderConvertible<*>, dependencyConfiguration: Action<ExternalModuleDependency>): Unit defined in org.gradle.kotlin.dsl

  Line 61: }
           ^ Unexpected symbol

8 errors

* Try:
> Run with --stacktrace option to get the stack trace.
> Run with --info or --debug option to get more log output.
> Run with --scan to get full insights.
> Get more help at https://help.gradle.org.

BUILD FAILED in 2s
4 actionable tasks: 4 up-to-date
