{"/app/src/add-demo-workers.ts": {"path":"/app/src/add-demo-workers.ts","statementMap":{"0":{"start":{"line":1,"column":0},"end":{"line":1,"column":43}},"1":{"start":{"line":2,"column":0},"end":{"line":2,"column":41}},"2":{"start":{"line":3,"column":0},"end":{"line":3,"column":37}},"3":{"start":{"line":4,"column":0},"end":{"line":4,"column":null}},"4":{"start":{"line":11,"column":14},"end":{"line":11,"column":67}},"5":{"start":{"line":12,"column":21},"end":{"line":12,"column":40}},"6":{"start":{"line":14,"column":27},"end":{"line":14,"column":59}},"7":{"start":{"line":17,"column":21},"end":{"line":17,"column":59}},"8":{"start":{"line":20,"column":26},"end":{"line":22,"column":4}},"9":{"start":{"line":24,"column":2},"end":{"line":24,"column":80}},"10":{"start":{"line":26,"column":2},"end":{"line":31,"column":3}},"11":{"start":{"line":27,"column":4},"end":{"line":27,"column":37}},"12":{"start":{"line":28,"column":4},"end":{"line":30,"column":7}},"13":{"start":{"line":29,"column":6},"end":{"line":29,"column":65}},"14":{"start":{"line":34,"column":22},"end":{"line":110,"column":4}},"15":{"start":{"line":113,"column":19},"end":{"line":113,"column":20}},"16":{"start":{"line":114,"column":2},"end":{"line":127,"column":3}},"17":{"start":{"line":115,"column":27},"end":{"line":116,"column":null}},"18":{"start":{"line":116,"column":13},"end":{"line":116,"column":39}},"19":{"start":{"line":119,"column":4},"end":{"line":126,"column":5}},"20":{"start":{"line":120,"column":24},"end":{"line":120,"column":59}},"21":{"start":{"line":121,"column":6},"end":{"line":121,"column":45}},"22":{"start":{"line":122,"column":6},"end":{"line":122,"column":54}},"23":{"start":{"line":123,"column":6},"end":{"line":123,"column":19}},"24":{"start":{"line":125,"column":6},"end":{"line":125,"column":63}},"25":{"start":{"line":129,"column":2},"end":{"line":129,"column":60}},"26":{"start":{"line":130,"column":2},"end":{"line":132,"column":4}},"27":{"start":{"line":134,"column":2},"end":{"line":134,"column":20}},"28":{"start":{"line":137,"column":0},"end":{"line":137,"column":38}}},"fnMap":{"0":{"name":"addDemoWorkers","decl":{"start":{"line":10,"column":15},"end":{"line":10,"column":29}},"loc":{"start":{"line":10,"column":29},"end":{"line":135,"column":1}}},"1":{"name":"(anonymous_1)","decl":{"start":{"line":28,"column":28},"end":{"line":28,"column":29}},"loc":{"start":{"line":28,"column":39},"end":{"line":30,"column":5}}},"2":{"name":"(anonymous_2)","decl":{"start":{"line":116,"column":6},"end":{"line":116,"column":7}},"loc":{"start":{"line":116,"column":13},"end":{"line":116,"column":39}}}},"branchMap":{"0":{"loc":{"start":{"line":26,"column":2},"end":{"line":31,"column":3}},"type":"if","locations":[{"start":{"line":26,"column":2},"end":{"line":31,"column":3}},{"start":{},"end":{}}]},"1":{"loc":{"start":{"line":119,"column":4},"end":{"line":126,"column":5}},"type":"if","locations":[{"start":{"line":119,"column":4},"end":{"line":126,"column":5}},{"start":{"line":124,"column":11},"end":{"line":126,"column":5}}]}},"s":{"0":0,"1":0,"2":0,"3":0,"4":0,"5":0,"6":0,"7":0,"8":0,"9":0,"10":0,"11":0,"12":0,"13":0,"14":0,"15":0,"16":0,"17":0,"18":0,"19":0,"20":0,"21":0,"22":0,"23":0,"24":0,"25":0,"26":0,"27":0,"28":0},"f":{"0":0,"1":0,"2":0},"b":{"0":[0,0],"1":[0,0]}}
,"/app/src/app.controller.ts": {"path":"/app/src/app.controller.ts","statementMap":{"0":{"start":{"line":1,"column":0},"end":{"line":1,"column":49}},"1":{"start":{"line":2,"column":0},"end":{"line":2,"column":43}},"2":{"start":{"line":5,"column":7},"end":{"line":12,"column":null}},"3":{"start":{"line":6,"column":31},"end":{"line":6,"column":43}},"4":{"start":{"line":10,"column":4},"end":{"line":10,"column":38}},"5":{"start":{"line":5,"column":13},"end":{"line":5,"column":26}},"6":{"start":{"line":9,"column":2},"end":{"line":11,"column":null}},"7":{"start":{"line":5,"column":13},"end":{"line":12,"column":null}}},"fnMap":{"0":{"name":"(anonymous_2)","decl":{"start":{"line":6,"column":2},"end":{"line":6,"column":31}},"loc":{"start":{"line":6,"column":53},"end":{"line":6,"column":57}}},"1":{"name":"(anonymous_3)","decl":{"start":{"line":9,"column":2},"end":{"line":9,"column":10}},"loc":{"start":{"line":9,"column":10},"end":{"line":11,"column":3}}}},"branchMap":{"0":{"loc":{"start":{"line":6,"column":43},"end":{"line":6,"column":56}},"type":"cond-expr","locations":[{"start":{"line":6,"column":53},"end":{"line":6,"column":56}},{"start":{"line":6,"column":53},"end":{"line":6,"column":56}}]},"1":{"loc":{"start":{"line":6,"column":43},"end":{"line":6,"column":53}},"type":"binary-expr","locations":[{"start":{"line":6,"column":43},"end":{"line":6,"column":56}},{"start":{"line":6,"column":43},"end":{"line":6,"column":53}}]}},"s":{"0":1,"1":1,"2":1,"3":1,"4":1,"5":1,"6":1,"7":1},"f":{"0":1,"1":1},"b":{"0":[1,0],"1":[1,1]}}
,"/app/src/app.module.ts": {"path":"/app/src/app.module.ts","statementMap":{"0":{"start":{"line":1,"column":0},"end":{"line":1,"column":40}},"1":{"start":{"line":2,"column":0},"end":{"line":2,"column":61}},"2":{"start":{"line":3,"column":0},"end":{"line":3,"column":48}},"3":{"start":{"line":4,"column":0},"end":{"line":4,"column":49}},"4":{"start":{"line":5,"column":0},"end":{"line":5,"column":43}},"5":{"start":{"line":6,"column":0},"end":{"line":6,"column":56}},"6":{"start":{"line":7,"column":0},"end":{"line":7,"column":59}},"7":{"start":{"line":8,"column":0},"end":{"line":8,"column":65}},"8":{"start":{"line":9,"column":0},"end":{"line":9,"column":83}},"9":{"start":{"line":10,"column":0},"end":{"line":10,"column":80}},"10":{"start":{"line":11,"column":0},"end":{"line":11,"column":68}},"11":{"start":{"line":12,"column":0},"end":{"line":12,"column":59}},"12":{"start":{"line":13,"column":0},"end":{"line":13,"column":83}},"13":{"start":{"line":14,"column":0},"end":{"line":14,"column":71}},"14":{"start":{"line":15,"column":0},"end":{"line":15,"column":65}},"15":{"start":{"line":16,"column":0},"end":{"line":16,"column":79}},"16":{"start":{"line":17,"column":0},"end":{"line":17,"column":74}},"17":{"start":{"line":21,"column":0},"end":{"line":21,"column":60}},"18":{"start":{"line":22,"column":0},"end":{"line":22,"column":66}},"19":{"start":{"line":23,"column":0},"end":{"line":23,"column":73}},"20":{"start":{"line":24,"column":0},"end":{"line":24,"column":81}},"21":{"start":{"line":25,"column":0},"end":{"line":25,"column":77}},"22":{"start":{"line":26,"column":0},"end":{"line":26,"column":69}},"23":{"start":{"line":27,"column":0},"end":{"line":27,"column":79}},"24":{"start":{"line":28,"column":0},"end":{"line":28,"column":80}},"25":{"start":{"line":29,"column":0},"end":{"line":29,"column":76}},"26":{"start":{"line":30,"column":0},"end":{"line":30,"column":84}},"27":{"start":{"line":31,"column":0},"end":{"line":31,"column":99}},"28":{"start":{"line":32,"column":0},"end":{"line":32,"column":73}},"29":{"start":{"line":33,"column":0},"end":{"line":33,"column":70}},"30":{"start":{"line":34,"column":0},"end":{"line":34,"column":79}},"31":{"start":{"line":35,"column":0},"end":{"line":35,"column":76}},"32":{"start":{"line":36,"column":0},"end":{"line":36,"column":86}},"33":{"start":{"line":37,"column":0},"end":{"line":37,"column":90}},"34":{"start":{"line":91,"column":7},"end":{"line":91,"column":null}},"35":{"start":{"line":91,"column":13},"end":{"line":91,"column":22}},"36":{"start":{"line":91,"column":13},"end":{"line":91,"column":null}},"37":{"start":{"line":43,"column":53},"end":{"line":71,"column":8}}},"fnMap":{"0":{"name":"(anonymous_1)","decl":{"start":{"line":43,"column":18},"end":{"line":43,"column":19}},"loc":{"start":{"line":43,"column":53},"end":{"line":71,"column":8}}}},"branchMap":{},"s":{"0":0,"1":0,"2":0,"3":0,"4":0,"5":0,"6":0,"7":0,"8":0,"9":0,"10":0,"11":0,"12":0,"13":0,"14":0,"15":0,"16":0,"17":0,"18":0,"19":0,"20":0,"21":0,"22":0,"23":0,"24":0,"25":0,"26":0,"27":0,"28":0,"29":0,"30":0,"31":0,"32":0,"33":0,"34":0,"35":0,"36":0,"37":0},"f":{"0":0},"b":{}}
,"/app/src/app.service.ts": {"path":"/app/src/app.service.ts","statementMap":{"0":{"start":{"line":1,"column":0},"end":{"line":1,"column":44}},"1":{"start":{"line":4,"column":7},"end":{"line":8,"column":null}},"2":{"start":{"line":6,"column":4},"end":{"line":6,"column":26}},"3":{"start":{"line":4,"column":13},"end":{"line":4,"column":23}},"4":{"start":{"line":4,"column":13},"end":{"line":8,"column":null}}},"fnMap":{"0":{"name":"(anonymous_1)","decl":{"start":{"line":5,"column":2},"end":{"line":5,"column":10}},"loc":{"start":{"line":5,"column":10},"end":{"line":7,"column":3}}}},"branchMap":{},"s":{"0":1,"1":1,"2":1,"3":1,"4":1},"f":{"0":1},"b":{}}
,"/app/src/check-tables.ts": {"path":"/app/src/check-tables.ts","statementMap":{"0":{"start":{"line":1,"column":0},"end":{"line":1,"column":26}},"1":{"start":{"line":2,"column":0},"end":{"line":2,"column":37}},"2":{"start":{"line":3,"column":0},"end":{"line":3,"column":47}},"3":{"start":{"line":6,"column":24},"end":{"line":6,"column":43}},"4":{"start":{"line":8,"column":21},"end":{"line":17,"column":4}},"5":{"start":{"line":19,"column":2},"end":{"line":39,"column":3}},"6":{"start":{"line":20,"column":4},"end":{"line":20,"column":34}},"7":{"start":{"line":21,"column":4},"end":{"line":21,"column":54}},"8":{"start":{"line":24,"column":19},"end":{"line":29,"column":6}},"9":{"start":{"line":31,"column":4},"end":{"line":31,"column":41}},"10":{"start":{"line":32,"column":4},"end":{"line":34,"column":7}},"11":{"start":{"line":33,"column":6},"end":{"line":33,"column":41}},"12":{"start":{"line":36,"column":4},"end":{"line":36,"column":53}},"13":{"start":{"line":38,"column":4},"end":{"line":38,"column":31}},"14":{"start":{"line":42,"column":0},"end":{"line":42,"column":14}}},"fnMap":{"0":{"name":"checkTables","decl":{"start":{"line":5,"column":15},"end":{"line":5,"column":26}},"loc":{"start":{"line":5,"column":26},"end":{"line":40,"column":1}}},"1":{"name":"(anonymous_1)","decl":{"start":{"line":32,"column":19},"end":{"line":32,"column":20}},"loc":{"start":{"line":32,"column":32},"end":{"line":34,"column":5}}}},"branchMap":{},"s":{"0":0,"1":0,"2":0,"3":0,"4":0,"5":0,"6":0,"7":0,"8":0,"9":0,"10":0,"11":0,"12":0,"13":0,"14":0},"f":{"0":0,"1":0},"b":{}}
,"/app/src/create-missing-tables.ts": {"path":"/app/src/create-missing-tables.ts","statementMap":{"0":{"start":{"line":1,"column":0},"end":{"line":1,"column":26}},"1":{"start":{"line":2,"column":0},"end":{"line":2,"column":37}},"2":{"start":{"line":3,"column":0},"end":{"line":3,"column":47}},"3":{"start":{"line":6,"column":24},"end":{"line":6,"column":43}},"4":{"start":{"line":8,"column":21},"end":{"line":17,"column":4}},"5":{"start":{"line":19,"column":2},"end":{"line":119,"column":3}},"6":{"start":{"line":20,"column":4},"end":{"line":20,"column":34}},"7":{"start":{"line":21,"column":4},"end":{"line":21,"column":54}},"8":{"start":{"line":24,"column":4},"end":{"line":26,"column":7}},"9":{"start":{"line":28,"column":4},"end":{"line":30,"column":7}},"10":{"start":{"line":32,"column":4},"end":{"line":34,"column":7}},"11":{"start":{"line":36,"column":4},"end":{"line":38,"column":7}},"12":{"start":{"line":40,"column":4},"end":{"line":42,"column":7}},"13":{"start":{"line":44,"column":4},"end":{"line":46,"column":7}},"14":{"start":{"line":48,"column":4},"end":{"line":50,"column":7}},"15":{"start":{"line":53,"column":4},"end":{"line":68,"column":7}},"16":{"start":{"line":71,"column":4},"end":{"line":88,"column":7}},"17":{"start":{"line":91,"column":4},"end":{"line":109,"column":7}},"18":{"start":{"line":111,"column":4},"end":{"line":113,"column":6}},"19":{"start":{"line":114,"column":4},"end":{"line":114,"column":55}},"20":{"start":{"line":116,"column":4},"end":{"line":116,"column":51}},"21":{"start":{"line":118,"column":4},"end":{"line":118,"column":31}},"22":{"start":{"line":122,"column":0},"end":{"line":122,"column":22}}},"fnMap":{"0":{"name":"createMissingTables","decl":{"start":{"line":5,"column":15},"end":{"line":5,"column":34}},"loc":{"start":{"line":5,"column":34},"end":{"line":120,"column":1}}}},"branchMap":{},"s":{"0":0,"1":0,"2":0,"3":0,"4":0,"5":0,"6":0,"7":0,"8":0,"9":0,"10":0,"11":0,"12":0,"13":0,"14":0,"15":0,"16":0,"17":0,"18":0,"19":0,"20":0,"21":0,"22":0},"f":{"0":0},"b":{}}
,"/app/src/create-tables-fixed.ts": {"path":"/app/src/create-tables-fixed.ts","statementMap":{"0":{"start":{"line":1,"column":0},"end":{"line":1,"column":26}},"1":{"start":{"line":2,"column":0},"end":{"line":2,"column":37}},"2":{"start":{"line":3,"column":0},"end":{"line":3,"column":47}},"3":{"start":{"line":6,"column":24},"end":{"line":6,"column":43}},"4":{"start":{"line":8,"column":21},"end":{"line":17,"column":4}},"5":{"start":{"line":19,"column":2},"end":{"line":159,"column":3}},"6":{"start":{"line":20,"column":4},"end":{"line":20,"column":34}},"7":{"start":{"line":21,"column":4},"end":{"line":21,"column":54}},"8":{"start":{"line":24,"column":4},"end":{"line":30,"column":5}},"9":{"start":{"line":25,"column":6},"end":{"line":27,"column":8}},"10":{"start":{"line":32,"column":4},"end":{"line":38,"column":5}},"11":{"start":{"line":33,"column":6},"end":{"line":35,"column":8}},"12":{"start":{"line":40,"column":4},"end":{"line":46,"column":5}},"13":{"start":{"line":41,"column":6},"end":{"line":43,"column":8}},"14":{"start":{"line":48,"column":4},"end":{"line":54,"column":5}},"15":{"start":{"line":49,"column":6},"end":{"line":51,"column":8}},"16":{"start":{"line":56,"column":4},"end":{"line":62,"column":5}},"17":{"start":{"line":57,"column":6},"end":{"line":59,"column":8}},"18":{"start":{"line":64,"column":4},"end":{"line":70,"column":5}},"19":{"start":{"line":65,"column":6},"end":{"line":67,"column":8}},"20":{"start":{"line":72,"column":4},"end":{"line":78,"column":5}},"21":{"start":{"line":73,"column":6},"end":{"line":75,"column":8}},"22":{"start":{"line":81,"column":4},"end":{"line":101,"column":5}},"23":{"start":{"line":82,"column":6},"end":{"line":97,"column":9}},"24":{"start":{"line":98,"column":6},"end":{"line":98,"column":49}},"25":{"start":{"line":100,"column":6},"end":{"line":100,"column":57}},"26":{"start":{"line":104,"column":4},"end":{"line":126,"column":5}},"27":{"start":{"line":105,"column":6},"end":{"line":122,"column":9}},"28":{"start":{"line":123,"column":6},"end":{"line":123,"column":50}},"29":{"start":{"line":125,"column":6},"end":{"line":125,"column":58}},"30":{"start":{"line":129,"column":4},"end":{"line":152,"column":5}},"31":{"start":{"line":130,"column":6},"end":{"line":148,"column":9}},"32":{"start":{"line":149,"column":6},"end":{"line":149,"column":51}},"33":{"start":{"line":151,"column":6},"end":{"line":151,"column":59}},"34":{"start":{"line":154,"column":4},"end":{"line":154,"column":57}},"35":{"start":{"line":156,"column":4},"end":{"line":156,"column":51}},"36":{"start":{"line":158,"column":4},"end":{"line":158,"column":31}},"37":{"start":{"line":162,"column":0},"end":{"line":162,"column":22}}},"fnMap":{"0":{"name":"createMissingTables","decl":{"start":{"line":5,"column":15},"end":{"line":5,"column":34}},"loc":{"start":{"line":5,"column":34},"end":{"line":160,"column":1}}}},"branchMap":{},"s":{"0":0,"1":0,"2":0,"3":0,"4":0,"5":0,"6":0,"7":0,"8":0,"9":0,"10":0,"11":0,"12":0,"13":0,"14":0,"15":0,"16":0,"17":0,"18":0,"19":0,"20":0,"21":0,"22":0,"23":0,"24":0,"25":0,"26":0,"27":0,"28":0,"29":0,"30":0,"31":0,"32":0,"33":0,"34":0,"35":0,"36":0,"37":0},"f":{"0":0},"b":{}}
,"/app/src/main.ts": {"path":"/app/src/main.ts","statementMap":{"0":{"start":{"line":1,"column":0},"end":{"line":1,"column":43}},"1":{"start":{"line":2,"column":0},"end":{"line":2,"column":41}},"2":{"start":{"line":5,"column":14},"end":{"line":5,"column":49}},"3":{"start":{"line":8,"column":2},"end":{"line":29,"column":5}},"4":{"start":{"line":31,"column":2},"end":{"line":31,"column":45}},"5":{"start":{"line":33,"column":0},"end":{"line":33,"column":12}}},"fnMap":{"0":{"name":"bootstrap","decl":{"start":{"line":4,"column":15},"end":{"line":4,"column":24}},"loc":{"start":{"line":4,"column":24},"end":{"line":32,"column":1}}}},"branchMap":{"0":{"loc":{"start":{"line":31,"column":19},"end":{"line":31,"column":43}},"type":"binary-expr","locations":[{"start":{"line":31,"column":19},"end":{"line":31,"column":35}},{"start":{"line":31,"column":39},"end":{"line":31,"column":43}}]}},"s":{"0":0,"1":0,"2":0,"3":0,"4":0,"5":0},"f":{"0":0},"b":{"0":[0,0]}}
,"/app/src/seed-demo-password.ts": {"path":"/app/src/seed-demo-password.ts","statementMap":{"0":{"start":{"line":1,"column":0},"end":{"line":1,"column":43}},"1":{"start":{"line":2,"column":0},"end":{"line":2,"column":41}},"2":{"start":{"line":3,"column":0},"end":{"line":3,"column":37}},"3":{"start":{"line":4,"column":0},"end":{"line":4,"column":33}},"4":{"start":{"line":5,"column":0},"end":{"line":5,"column":60}},"5":{"start":{"line":8,"column":14},"end":{"line":8,"column":67}},"6":{"start":{"line":9,"column":21},"end":{"line":9,"column":40}},"7":{"start":{"line":11,"column":25},"end":{"line":11,"column":55}},"8":{"start":{"line":12,"column":19},"end":{"line":14,"column":4}},"9":{"start":{"line":16,"column":2},"end":{"line":19,"column":3}},"10":{"start":{"line":17,"column":4},"end":{"line":17,"column":39}},"11":{"start":{"line":18,"column":4},"end":{"line":18,"column":11}},"12":{"start":{"line":21,"column":15},"end":{"line":21,"column":37}},"13":{"start":{"line":22,"column":25},"end":{"line":22,"column":66}},"14":{"start":{"line":24,"column":2},"end":{"line":24,"column":41}},"15":{"start":{"line":25,"column":2},"end":{"line":25,"column":38}},"16":{"start":{"line":27,"column":2},"end":{"line":27,"column":57}},"17":{"start":{"line":28,"column":2},"end":{"line":28,"column":20}},"18":{"start":{"line":31,"column":0},"end":{"line":31,"column":42}}},"fnMap":{"0":{"name":"updateDemoPassword","decl":{"start":{"line":7,"column":15},"end":{"line":7,"column":33}},"loc":{"start":{"line":7,"column":33},"end":{"line":29,"column":1}}}},"branchMap":{"0":{"loc":{"start":{"line":16,"column":2},"end":{"line":19,"column":3}},"type":"if","locations":[{"start":{"line":16,"column":2},"end":{"line":19,"column":3}},{"start":{},"end":{}}]}},"s":{"0":0,"1":0,"2":0,"3":0,"4":0,"5":0,"6":0,"7":0,"8":0,"9":0,"10":0,"11":0,"12":0,"13":0,"14":0,"15":0,"16":0,"17":0,"18":0},"f":{"0":0},"b":{"0":[0,0]}}
,"/app/src/seed-pay-periods-demo-data.ts": {"path":"/app/src/seed-pay-periods-demo-data.ts","statementMap":{"0":{"start":{"line":1,"column":0},"end":{"line":1,"column":43}},"1":{"start":{"line":2,"column":0},"end":{"line":2,"column":41}},"2":{"start":{"line":3,"column":0},"end":{"line":3,"column":37}},"3":{"start":{"line":4,"column":0},"end":{"line":4,"column":66}},"4":{"start":{"line":5,"column":0},"end":{"line":5,"column":null}},"5":{"start":{"line":10,"column":0},"end":{"line":10,"column":81}},"6":{"start":{"line":11,"column":0},"end":{"line":11,"column":60}},"7":{"start":{"line":12,"column":0},"end":{"line":12,"column":33}},"8":{"start":{"line":13,"column":0},"end":{"line":13,"column":null}},"9":{"start":{"line":19,"column":14},"end":{"line":19,"column":67}},"10":{"start":{"line":20,"column":21},"end":{"line":20,"column":40}},"11":{"start":{"line":22,"column":2},"end":{"line":325,"column":3}},"12":{"start":{"line":24,"column":4},"end":{"line":24,"column":50}},"13":{"start":{"line":25,"column":4},"end":{"line":25,"column":61}},"14":{"start":{"line":26,"column":4},"end":{"line":26,"column":57}},"15":{"start":{"line":27,"column":4},"end":{"line":27,"column":54}},"16":{"start":{"line":28,"column":4},"end":{"line":30,"column":48}},"17":{"start":{"line":32,"column":4},"end":{"line":32,"column":41}},"18":{"start":{"line":33,"column":27},"end":{"line":33,"column":57}},"19":{"start":{"line":34,"column":29},"end":{"line":34,"column":61}},"20":{"start":{"line":35,"column":32},"end":{"line":35,"column":67}},"21":{"start":{"line":36,"column":36},"end":{"line":36,"column":75}},"22":{"start":{"line":39,"column":21},"end":{"line":44,"column":6}},"23":{"start":{"line":45,"column":4},"end":{"line":45,"column":40}},"24":{"start":{"line":48,"column":4},"end":{"line":48,"column":44}},"25":{"start":{"line":49,"column":43},"end":{"line":153,"column":6}},"26":{"start":{"line":155,"column":25},"end":{"line":155,"column":65}},"27":{"start":{"line":156,"column":4},"end":{"line":156,"column":63}},"28":{"start":{"line":159,"column":4},"end":{"line":159,"column":65}},"29":{"start":{"line":160,"column":24},"end":{"line":160,"column":34}},"30":{"start":{"line":161,"column":27},"end":{"line":161,"column":37}},"31":{"start":{"line":162,"column":4},"end":{"line":162,"column":56}},"32":{"start":{"line":164,"column":45},"end":{"line":164,"column":47}},"33":{"start":{"line":165,"column":24},"end":{"line":165,"column":48}},"34":{"start":{"line":168,"column":31},"end":{"line":168,"column":52}},"35":{"start":{"line":169,"column":4},"end":{"line":193,"column":5}},"36":{"start":{"line":170,"column":24},"end":{"line":170,"column":52}},"37":{"start":{"line":171,"column":6},"end":{"line":171,"column":50}},"38":{"start":{"line":173,"column":6},"end":{"line":173,"column":41}},"39":{"start":{"line":173,"column":35},"end":{"line":173,"column":41}},"40":{"start":{"line":175,"column":22},"end":{"line":175,"column":41}},"41":{"start":{"line":176,"column":6},"end":{"line":176,"column":45}},"42":{"start":{"line":178,"column":25},"end":{"line":178,"column":168}},"43":{"start":{"line":180,"column":6},"end":{"line":189,"column":9}},"44":{"start":{"line":192,"column":6},"end":{"line":192,"column":68}},"45":{"start":{"line":195,"column":28},"end":{"line":195,"column":70}},"46":{"start":{"line":196,"column":4},"end":{"line":196,"column":65}},"47":{"start":{"line":199,"column":4},"end":{"line":199,"column":69}},"48":{"start":{"line":200,"column":53},"end":{"line":200,"column":55}},"49":{"start":{"line":202,"column":4},"end":{"line":281,"column":5}},"50":{"start":{"line":203,"column":6},"end":{"line":280,"column":7}},"51":{"start":{"line":205,"column":26},"end":{"line":205,"column":27}},"52":{"start":{"line":207,"column":8},"end":{"line":241,"column":9}},"53":{"start":{"line":209,"column":32},"end":{"line":209,"column":50}},"54":{"start":{"line":210,"column":10},"end":{"line":220,"column":11}},"55":{"start":{"line":212,"column":14},"end":{"line":212,"column":46}},"56":{"start":{"line":213,"column":14},"end":{"line":213,"column":20}},"57":{"start":{"line":215,"column":14},"end":{"line":215,"column":42}},"58":{"start":{"line":216,"column":14},"end":{"line":216,"column":20}},"59":{"start":{"line":218,"column":14},"end":{"line":218,"column":46}},"60":{"start":{"line":219,"column":14},"end":{"line":219,"column":20}},"61":{"start":{"line":223,"column":35},"end":{"line":223,"column":71}},"62":{"start":{"line":224,"column":37},"end":{"line":224,"column":75}},"63":{"start":{"line":225,"column":10},"end":{"line":225,"column":63}},"64":{"start":{"line":228,"column":10},"end":{"line":230,"column":11}},"65":{"start":{"line":229,"column":12},"end":{"line":229,"column":31}},"66":{"start":{"line":233,"column":30},"end":{"line":233,"column":65}},"67":{"start":{"line":234,"column":10},"end":{"line":234,"column":64}},"68":{"start":{"line":237,"column":32},"end":{"line":237,"column":61}},"69":{"start":{"line":238,"column":10},"end":{"line":240,"column":11}},"70":{"start":{"line":239,"column":12},"end":{"line":239,"column":75}},"71":{"start":{"line":244,"column":26},"end":{"line":244,"column":51}},"72":{"start":{"line":245,"column":26},"end":{"line":245,"column":49}},"73":{"start":{"line":248,"column":28},"end":{"line":248,"column":34}},"74":{"start":{"line":249,"column":23},"end":{"line":249,"column":36}},"75":{"start":{"line":250,"column":8},"end":{"line":251,"column":61}},"76":{"start":{"line":250,"column":26},"end":{"line":250,"column":52}},"77":{"start":{"line":251,"column":13},"end":{"line":251,"column":61}},"78":{"start":{"line":251,"column":32},"end":{"line":251,"column":61}},"79":{"start":{"line":253,"column":8},"end":{"line":279,"column":11}},"80":{"start":{"line":284,"column":6},"end":{"line":284,"column":56}},"81":{"start":{"line":285,"column":4},"end":{"line":285,"column":73}},"82":{"start":{"line":288,"column":4},"end":{"line":288,"column":49}},"83":{"start":{"line":289,"column":4},"end":{"line":313,"column":5}},"84":{"start":{"line":290,"column":28},"end":{"line":293,"column":null}},"85":{"start":{"line":292,"column":10},"end":{"line":293,"column":63}},"86":{"start":{"line":296,"column":21},"end":{"line":303,"column":null}},"87":{"start":{"line":297,"column":26},"end":{"line":302,"column":10}},"88":{"start":{"line":306,"column":6},"end":{"line":312,"column":9}},"89":{"start":{"line":315,"column":4},"end":{"line":315,"column":47}},"90":{"start":{"line":316,"column":4},"end":{"line":316,"column":50}},"91":{"start":{"line":317,"column":4},"end":{"line":317,"column":60}},"92":{"start":{"line":318,"column":4},"end":{"line":318,"column":67}},"93":{"start":{"line":319,"column":4},"end":{"line":319,"column":75}},"94":{"start":{"line":320,"column":4},"end":{"line":320,"column":67}},"95":{"start":{"line":322,"column":4},"end":{"line":322,"column":53}},"96":{"start":{"line":324,"column":4},"end":{"line":324,"column":22}},"97":{"start":{"line":330,"column":12},"end":{"line":330,"column":13}},"98":{"start":{"line":333,"column":2},"end":{"line":337,"column":3}},"99":{"start":{"line":335,"column":4},"end":{"line":335,"column":40}},"100":{"start":{"line":336,"column":4},"end":{"line":336,"column":24}},"101":{"start":{"line":338,"column":2},"end":{"line":342,"column":3}},"102":{"start":{"line":340,"column":4},"end":{"line":340,"column":39}},"103":{"start":{"line":341,"column":4},"end":{"line":341,"column":24}},"104":{"start":{"line":343,"column":2},"end":{"line":347,"column":3}},"105":{"start":{"line":345,"column":4},"end":{"line":345,"column":40}},"106":{"start":{"line":346,"column":4},"end":{"line":346,"column":24}},"107":{"start":{"line":348,"column":2},"end":{"line":351,"column":3}},"108":{"start":{"line":350,"column":4},"end":{"line":350,"column":39}},"109":{"start":{"line":354,"column":2},"end":{"line":354,"column":37}},"110":{"start":{"line":356,"column":2},"end":{"line":356,"column":37}},"111":{"start":{"line":360,"column":0},"end":{"line":360,"column":36}}},"fnMap":{"0":{"name":"seedDemoData","decl":{"start":{"line":18,"column":15},"end":{"line":18,"column":27}},"loc":{"start":{"line":18,"column":27},"end":{"line":326,"column":1}}},"1":{"name":"(anonymous_10)","decl":{"start":{"line":291,"column":8},"end":{"line":291,"column":9}},"loc":{"start":{"line":292,"column":10},"end":{"line":293,"column":63}}},"2":{"name":"(anonymous_11)","decl":{"start":{"line":297,"column":8},"end":{"line":297,"column":9}},"loc":{"start":{"line":297,"column":26},"end":{"line":302,"column":10}}},"3":{"name":"calculateTax","decl":{"start":{"line":329,"column":9},"end":{"line":329,"column":21}},"loc":{"start":{"line":329,"column":41},"end":{"line":357,"column":1}}}},"branchMap":{"0":{"loc":{"start":{"line":173,"column":6},"end":{"line":173,"column":41}},"type":"if","locations":[{"start":{"line":173,"column":6},"end":{"line":173,"column":41}},{"start":{},"end":{}}]},"1":{"loc":{"start":{"line":207,"column":8},"end":{"line":241,"column":9}},"type":"if","locations":[{"start":{"line":207,"column":8},"end":{"line":241,"column":9}},{"start":{"line":231,"column":15},"end":{"line":241,"column":9}}]},"2":{"loc":{"start":{"line":210,"column":10},"end":{"line":220,"column":11}},"type":"switch","locations":[{"start":{"line":211,"column":12},"end":{"line":213,"column":20}},{"start":{"line":214,"column":12},"end":{"line":216,"column":20}},{"start":{"line":217,"column":12},"end":{"line":219,"column":20}}]},"3":{"loc":{"start":{"line":223,"column":35},"end":{"line":223,"column":71}},"type":"binary-expr","locations":[{"start":{"line":223,"column":35},"end":{"line":223,"column":66}},{"start":{"line":223,"column":70},"end":{"line":223,"column":71}}]},"4":{"loc":{"start":{"line":224,"column":37},"end":{"line":224,"column":75}},"type":"binary-expr","locations":[{"start":{"line":224,"column":37},"end":{"line":224,"column":70}},{"start":{"line":224,"column":74},"end":{"line":224,"column":75}}]},"5":{"loc":{"start":{"line":228,"column":10},"end":{"line":230,"column":11}},"type":"if","locations":[{"start":{"line":228,"column":10},"end":{"line":230,"column":11}},{"start":{},"end":{}}]},"6":{"loc":{"start":{"line":238,"column":10},"end":{"line":240,"column":11}},"type":"if","locations":[{"start":{"line":238,"column":10},"end":{"line":240,"column":11}},{"start":{},"end":{}}]},"7":{"loc":{"start":{"line":250,"column":8},"end":{"line":251,"column":61}},"type":"if","locations":[{"start":{"line":250,"column":8},"end":{"line":251,"column":61}},{"start":{"line":251,"column":13},"end":{"line":251,"column":61}}]},"8":{"loc":{"start":{"line":251,"column":13},"end":{"line":251,"column":61}},"type":"if","locations":[{"start":{"line":251,"column":13},"end":{"line":251,"column":61}},{"start":{},"end":{}}]},"9":{"loc":{"start":{"line":264,"column":12},"end":{"line":264,"column":78}},"type":"cond-expr","locations":[{"start":{"line":264,"column":39},"end":{"line":264,"column":66}},{"start":{"line":264,"column":69},"end":{"line":264,"column":78}}]},"10":{"loc":{"start":{"line":274,"column":14},"end":{"line":276,"column":19}},"type":"cond-expr","locations":[{"start":{"line":275,"column":18},"end":{"line":275,"column":59}},{"start":{"line":276,"column":18},"end":{"line":276,"column":19}}]},"11":{"loc":{"start":{"line":292,"column":10},"end":{"line":293,"column":63}},"type":"binary-expr","locations":[{"start":{"line":292,"column":10},"end":{"line":292,"column":67}},{"start":{"line":293,"column":10},"end":{"line":293,"column":63}}]},"12":{"loc":{"start":{"line":333,"column":2},"end":{"line":337,"column":3}},"type":"if","locations":[{"start":{"line":333,"column":2},"end":{"line":337,"column":3}},{"start":{},"end":{}}]},"13":{"loc":{"start":{"line":338,"column":2},"end":{"line":342,"column":3}},"type":"if","locations":[{"start":{"line":338,"column":2},"end":{"line":342,"column":3}},{"start":{},"end":{}}]},"14":{"loc":{"start":{"line":343,"column":2},"end":{"line":347,"column":3}},"type":"if","locations":[{"start":{"line":343,"column":2},"end":{"line":347,"column":3}},{"start":{},"end":{}}]},"15":{"loc":{"start":{"line":348,"column":2},"end":{"line":351,"column":3}},"type":"if","locations":[{"start":{"line":348,"column":2},"end":{"line":351,"column":3}},{"start":{},"end":{}}]}},"s":{"0":0,"1":0,"2":0,"3":0,"4":0,"5":0,"6":0,"7":0,"8":0,"9":0,"10":0,"11":0,"12":0,"13":0,"14":0,"15":0,"16":0,"17":0,"18":0,"19":0,"20":0,"21":0,"22":0,"23":0,"24":0,"25":0,"26":0,"27":0,"28":0,"29":0,"30":0,"31":0,"32":0,"33":0,"34":0,"35":0,"36":0,"37":0,"38":0,"39":0,"40":0,"41":0,"42":0,"43":0,"44":0,"45":0,"46":0,"47":0,"48":0,"49":0,"50":0,"51":0,"52":0,"53":0,"54":0,"55":0,"56":0,"57":0,"58":0,"59":0,"60":0,"61":0,"62":0,"63":0,"64":0,"65":0,"66":0,"67":0,"68":0,"69":0,"70":0,"71":0,"72":0,"73":0,"74":0,"75":0,"76":0,"77":0,"78":0,"79":0,"80":0,"81":0,"82":0,"83":0,"84":0,"85":0,"86":0,"87":0,"88":0,"89":0,"90":0,"91":0,"92":0,"93":0,"94":0,"95":0,"96":0,"97":0,"98":0,"99":0,"100":0,"101":0,"102":0,"103":0,"104":0,"105":0,"106":0,"107":0,"108":0,"109":0,"110":0,"111":0},"f":{"0":0,"1":0,"2":0,"3":0},"b":{"0":[0,0],"1":[0,0],"2":[0,0,0],"3":[0,0],"4":[0,0],"5":[0,0],"6":[0,0],"7":[0,0],"8":[0,0],"9":[0,0],"10":[0,0],"11":[0,0],"12":[0,0],"13":[0,0],"14":[0,0],"15":[0,0]}}
,"/app/src/seed-tax-table.ts": {"path":"/app/src/seed-tax-table.ts","statementMap":{"0":{"start":{"line":1,"column":0},"end":{"line":1,"column":33}},"1":{"start":{"line":2,"column":0},"end":{"line":2,"column":16}},"2":{"start":{"line":3,"column":0},"end":{"line":3,"column":43}},"3":{"start":{"line":4,"column":0},"end":{"line":4,"column":41}},"4":{"start":{"line":5,"column":0},"end":{"line":5,"column":61}},"5":{"start":{"line":6,"column":0},"end":{"line":6,"column":61}},"6":{"start":{"line":11,"column":14},"end":{"line":11,"column":67}},"7":{"start":{"line":12,"column":23},"end":{"line":12,"column":44}},"8":{"start":{"line":13,"column":23},"end":{"line":13,"column":44}},"9":{"start":{"line":15,"column":2},"end":{"line":15,"column":39}},"10":{"start":{"line":18,"column":25},"end":{"line":18,"column":58}},"11":{"start":{"line":19,"column":2},"end":{"line":44,"column":3}},"12":{"start":{"line":20,"column":4},"end":{"line":20,"column":76}},"13":{"start":{"line":21,"column":4},"end":{"line":40,"column":7}},"14":{"start":{"line":41,"column":4},"end":{"line":41,"column":46}},"15":{"start":{"line":43,"column":4},"end":{"line":43,"column":45}},"16":{"start":{"line":55,"column":2},"end":{"line":55,"column":20}},"17":{"start":{"line":58,"column":0},"end":{"line":58,"column":12}}},"fnMap":{"0":{"name":"bootstrap","decl":{"start":{"line":10,"column":15},"end":{"line":10,"column":24}},"loc":{"start":{"line":10,"column":24},"end":{"line":56,"column":1}}}},"branchMap":{"0":{"loc":{"start":{"line":19,"column":2},"end":{"line":44,"column":3}},"type":"if","locations":[{"start":{"line":19,"column":2},"end":{"line":44,"column":3}},{"start":{"line":42,"column":9},"end":{"line":44,"column":3}}]}},"s":{"0":0,"1":0,"2":0,"3":0,"4":0,"5":0,"6":0,"7":0,"8":0,"9":0,"10":0,"11":0,"12":0,"13":0,"14":0,"15":0,"16":0,"17":0},"f":{"0":0},"b":{"0":[0,0]}}
,"/app/src/seed-test-data.ts": {"path":"/app/src/seed-test-data.ts","statementMap":{"0":{"start":{"line":2,"column":0},"end":{"line":2,"column":43}},"1":{"start":{"line":3,"column":0},"end":{"line":3,"column":41}},"2":{"start":{"line":4,"column":0},"end":{"line":4,"column":61}},"3":{"start":{"line":5,"column":0},"end":{"line":5,"column":67}},"4":{"start":{"line":7,"column":0},"end":{"line":7,"column":60}},"5":{"start":{"line":8,"column":0},"end":{"line":8,"column":115}},"6":{"start":{"line":9,"column":0},"end":{"line":9,"column":53}},"7":{"start":{"line":10,"column":0},"end":{"line":10,"column":33}},"8":{"start":{"line":13,"column":14},"end":{"line":13,"column":67}},"9":{"start":{"line":15,"column":2},"end":{"line":148,"column":3}},"10":{"start":{"line":16,"column":25},"end":{"line":16,"column":46}},"11":{"start":{"line":17,"column":27},"end":{"line":17,"column":50}},"12":{"start":{"line":18,"column":21},"end":{"line":18,"column":72}},"13":{"start":{"line":19,"column":23},"end":{"line":19,"column":78}},"14":{"start":{"line":21,"column":4},"end":{"line":21,"column":43}},"15":{"start":{"line":24,"column":4},"end":{"line":24,"column":57}},"16":{"start":{"line":25,"column":4},"end":{"line":25,"column":61}},"17":{"start":{"line":26,"column":4},"end":{"line":26,"column":64}},"18":{"start":{"line":27,"column":4},"end":{"line":27,"column":56}},"19":{"start":{"line":28,"column":4},"end":{"line":28,"column":60}},"20":{"start":{"line":29,"column":4},"end":{"line":29,"column":68}},"21":{"start":{"line":32,"column":22},"end":{"line":57,"column":6}},"22":{"start":{"line":59,"column":4},"end":{"line":96,"column":5}},"23":{"start":{"line":60,"column":29},"end":{"line":60,"column":69}},"24":{"start":{"line":61,"column":19},"end":{"line":68,"column":8}},"25":{"start":{"line":70,"column":6},"end":{"line":70,"column":69}},"26":{"start":{"line":73,"column":26},"end":{"line":73,"column":75}},"27":{"start":{"line":74,"column":22},"end":{"line":74,"column":24}},"28":{"start":{"line":76,"column":6},"end":{"line":93,"column":7}},"29":{"start":{"line":76,"column":19},"end":{"line":76,"column":20}},"30":{"start":{"line":77,"column":23},"end":{"line":90,"column":10}},"31":{"start":{"line":92,"column":8},"end":{"line":92,"column":29}},"32":{"start":{"line":95,"column":6},"end":{"line":95,"column":75}},"33":{"start":{"line":99,"column":27},"end":{"line":106,"column":6}},"34":{"start":{"line":109,"column":30},"end":{"line":117,"column":6}},"35":{"start":{"line":119,"column":4},"end":{"line":132,"column":5}},"36":{"start":{"line":120,"column":6},"end":{"line":131,"column":9}},"37":{"start":{"line":134,"column":4},"end":{"line":134,"column":53}},"38":{"start":{"line":136,"column":4},"end":{"line":136,"column":64}},"39":{"start":{"line":137,"column":4},"end":{"line":137,"column":33}},"40":{"start":{"line":138,"column":4},"end":{"line":138,"column":42}},"41":{"start":{"line":139,"column":4},"end":{"line":139,"column":46}},"42":{"start":{"line":140,"column":4},"end":{"line":140,"column":55}},"43":{"start":{"line":141,"column":4},"end":{"line":141,"column":60}},"44":{"start":{"line":144,"column":4},"end":{"line":144,"column":55}},"45":{"start":{"line":145,"column":4},"end":{"line":145,"column":16}},"46":{"start":{"line":147,"column":4},"end":{"line":147,"column":22}},"47":{"start":{"line":151,"column":0},"end":{"line":151,"column":36}}},"fnMap":{"0":{"name":"seedTestData","decl":{"start":{"line":12,"column":15},"end":{"line":12,"column":27}},"loc":{"start":{"line":12,"column":27},"end":{"line":149,"column":1}}}},"branchMap":{"0":{"loc":{"start":{"line":73,"column":26},"end":{"line":73,"column":75}},"type":"cond-expr","locations":[{"start":{"line":73,"column":67},"end":{"line":73,"column":70}},{"start":{"line":73,"column":73},"end":{"line":73,"column":75}}]},"1":{"loc":{"start":{"line":86,"column":25},"end":{"line":86,"column":79}},"type":"cond-expr","locations":[{"start":{"line":86,"column":39},"end":{"line":86,"column":57}},{"start":{"line":86,"column":60},"end":{"line":86,"column":79}}]},"2":{"loc":{"start":{"line":87,"column":20},"end":{"line":87,"column":56}},"type":"cond-expr","locations":[{"start":{"line":87,"column":34},"end":{"line":87,"column":44}},{"start":{"line":87,"column":47},"end":{"line":87,"column":56}}]},"3":{"loc":{"start":{"line":88,"column":23},"end":{"line":88,"column":93}},"type":"cond-expr","locations":[{"start":{"line":88,"column":37},"end":{"line":88,"column":81}},{"start":{"line":88,"column":84},"end":{"line":88,"column":93}}]},"4":{"loc":{"start":{"line":89,"column":23},"end":{"line":89,"column":85}},"type":"cond-expr","locations":[{"start":{"line":89,"column":37},"end":{"line":89,"column":73}},{"start":{"line":89,"column":76},"end":{"line":89,"column":85}}]}},"s":{"0":0,"1":0,"2":0,"3":0,"4":0,"5":0,"6":0,"7":0,"8":0,"9":0,"10":0,"11":0,"12":0,"13":0,"14":0,"15":0,"16":0,"17":0,"18":0,"19":0,"20":0,"21":0,"22":0,"23":0,"24":0,"25":0,"26":0,"27":0,"28":0,"29":0,"30":0,"31":0,"32":0,"33":0,"34":0,"35":0,"36":0,"37":0,"38":0,"39":0,"40":0,"41":0,"42":0,"43":0,"44":0,"45":0,"46":0,"47":0},"f":{"0":0},"b":{"0":[0,0],"1":[0,0],"2":[0,0],"3":[0,0],"4":[0,0]}}
,"/app/src/sync-database.ts": {"path":"/app/src/sync-database.ts","statementMap":{"0":{"start":{"line":1,"column":0},"end":{"line":1,"column":26}},"1":{"start":{"line":2,"column":0},"end":{"line":2,"column":37}},"2":{"start":{"line":3,"column":0},"end":{"line":3,"column":60}},"3":{"start":{"line":4,"column":0},"end":{"line":4,"column":66}},"4":{"start":{"line":5,"column":0},"end":{"line":5,"column":73}},"5":{"start":{"line":6,"column":0},"end":{"line":6,"column":81}},"6":{"start":{"line":7,"column":0},"end":{"line":7,"column":77}},"7":{"start":{"line":8,"column":0},"end":{"line":8,"column":69}},"8":{"start":{"line":9,"column":0},"end":{"line":9,"column":79}},"9":{"start":{"line":10,"column":0},"end":{"line":10,"column":80}},"10":{"start":{"line":11,"column":0},"end":{"line":11,"column":76}},"11":{"start":{"line":12,"column":0},"end":{"line":12,"column":84}},"12":{"start":{"line":13,"column":0},"end":{"line":13,"column":73}},"13":{"start":{"line":14,"column":0},"end":{"line":14,"column":70}},"14":{"start":{"line":15,"column":0},"end":{"line":15,"column":79}},"15":{"start":{"line":16,"column":0},"end":{"line":16,"column":76}},"16":{"start":{"line":17,"column":0},"end":{"line":17,"column":47}},"17":{"start":{"line":20,"column":24},"end":{"line":20,"column":43}},"18":{"start":{"line":22,"column":21},"end":{"line":47,"column":4}},"19":{"start":{"line":49,"column":2},"end":{"line":56,"column":3}},"20":{"start":{"line":50,"column":4},"end":{"line":50,"column":34}},"21":{"start":{"line":51,"column":4},"end":{"line":51,"column":62}},"22":{"start":{"line":53,"column":4},"end":{"line":53,"column":59}},"23":{"start":{"line":55,"column":4},"end":{"line":55,"column":31}},"24":{"start":{"line":59,"column":0},"end":{"line":59,"column":15}}},"fnMap":{"0":{"name":"syncDatabase","decl":{"start":{"line":19,"column":15},"end":{"line":19,"column":27}},"loc":{"start":{"line":19,"column":27},"end":{"line":57,"column":1}}}},"branchMap":{},"s":{"0":0,"1":0,"2":0,"3":0,"4":0,"5":0,"6":0,"7":0,"8":0,"9":0,"10":0,"11":0,"12":0,"13":0,"14":0,"15":0,"16":0,"17":0,"18":0,"19":0,"20":0,"21":0,"22":0,"23":0,"24":0},"f":{"0":0},"b":{}}
,"/app/src/migrations/1732456700000_paykey-initial-schema.ts": {"path":"/app/src/migrations/1732456700000_paykey-initial-schema.ts","statementMap":{"0":{"start":{"line":4,"column":9},"end":{"line":4,"column":43}},"1":{"start":{"line":8,"column":4},"end":{"line":28,"column":12}},"2":{"start":{"line":31,"column":4},"end":{"line":41,"column":12}},"3":{"start":{"line":44,"column":4},"end":{"line":56,"column":12}},"4":{"start":{"line":59,"column":4},"end":{"line":90,"column":12}},"5":{"start":{"line":93,"column":4},"end":{"line":115,"column":12}},"6":{"start":{"line":118,"column":4},"end":{"line":135,"column":12}},"7":{"start":{"line":138,"column":4},"end":{"line":151,"column":12}},"8":{"start":{"line":154,"column":4},"end":{"line":167,"column":12}},"9":{"start":{"line":170,"column":4},"end":{"line":184,"column":12}},"10":{"start":{"line":187,"column":4},"end":{"line":189,"column":6}},"11":{"start":{"line":190,"column":4},"end":{"line":192,"column":6}},"12":{"start":{"line":193,"column":4},"end":{"line":195,"column":6}},"13":{"start":{"line":196,"column":4},"end":{"line":198,"column":6}},"14":{"start":{"line":199,"column":4},"end":{"line":201,"column":6}},"15":{"start":{"line":202,"column":4},"end":{"line":204,"column":6}},"16":{"start":{"line":205,"column":4},"end":{"line":207,"column":6}},"17":{"start":{"line":208,"column":4},"end":{"line":210,"column":6}},"18":{"start":{"line":211,"column":4},"end":{"line":213,"column":6}},"19":{"start":{"line":214,"column":4},"end":{"line":216,"column":6}},"20":{"start":{"line":217,"column":4},"end":{"line":219,"column":6}},"21":{"start":{"line":220,"column":4},"end":{"line":222,"column":6}},"22":{"start":{"line":225,"column":4},"end":{"line":227,"column":6}},"23":{"start":{"line":228,"column":4},"end":{"line":230,"column":6}},"24":{"start":{"line":231,"column":4},"end":{"line":233,"column":6}},"25":{"start":{"line":234,"column":4},"end":{"line":236,"column":6}},"26":{"start":{"line":237,"column":4},"end":{"line":239,"column":6}},"27":{"start":{"line":240,"column":4},"end":{"line":242,"column":6}},"28":{"start":{"line":243,"column":4},"end":{"line":245,"column":6}},"29":{"start":{"line":246,"column":4},"end":{"line":248,"column":6}},"30":{"start":{"line":249,"column":4},"end":{"line":251,"column":6}},"31":{"start":{"line":252,"column":4},"end":{"line":254,"column":6}},"32":{"start":{"line":255,"column":4},"end":{"line":257,"column":6}},"33":{"start":{"line":258,"column":4},"end":{"line":260,"column":6}},"34":{"start":{"line":265,"column":4},"end":{"line":265,"column":73}},"35":{"start":{"line":266,"column":4},"end":{"line":266,"column":70}},"36":{"start":{"line":267,"column":4},"end":{"line":267,"column":68}},"37":{"start":{"line":268,"column":4},"end":{"line":268,"column":76}},"38":{"start":{"line":269,"column":4},"end":{"line":269,"column":71}},"39":{"start":{"line":270,"column":4},"end":{"line":270,"column":71}},"40":{"start":{"line":271,"column":4},"end":{"line":271,"column":73}},"41":{"start":{"line":272,"column":4},"end":{"line":272,"column":71}},"42":{"start":{"line":273,"column":4},"end":{"line":273,"column":67}},"43":{"start":{"line":274,"column":4},"end":{"line":274,"column":67}},"44":{"start":{"line":275,"column":4},"end":{"line":275,"column":63}},"45":{"start":{"line":276,"column":4},"end":{"line":276,"column":60}},"46":{"start":{"line":279,"column":4},"end":{"line":281,"column":6}},"47":{"start":{"line":282,"column":4},"end":{"line":284,"column":6}},"48":{"start":{"line":285,"column":4},"end":{"line":287,"column":6}},"49":{"start":{"line":288,"column":4},"end":{"line":290,"column":6}},"50":{"start":{"line":291,"column":4},"end":{"line":293,"column":6}},"51":{"start":{"line":294,"column":4},"end":{"line":296,"column":6}},"52":{"start":{"line":297,"column":4},"end":{"line":299,"column":6}},"53":{"start":{"line":300,"column":4},"end":{"line":302,"column":6}},"54":{"start":{"line":303,"column":4},"end":{"line":305,"column":6}},"55":{"start":{"line":306,"column":4},"end":{"line":308,"column":6}},"56":{"start":{"line":309,"column":4},"end":{"line":311,"column":6}},"57":{"start":{"line":312,"column":4},"end":{"line":314,"column":6}},"58":{"start":{"line":317,"column":4},"end":{"line":317,"column":57}},"59":{"start":{"line":318,"column":4},"end":{"line":318,"column":55}},"60":{"start":{"line":319,"column":4},"end":{"line":319,"column":60}},"61":{"start":{"line":320,"column":4},"end":{"line":320,"column":60}},"62":{"start":{"line":321,"column":4},"end":{"line":321,"column":56}},"63":{"start":{"line":322,"column":4},"end":{"line":322,"column":52}},"64":{"start":{"line":323,"column":4},"end":{"line":323,"column":55}},"65":{"start":{"line":324,"column":4},"end":{"line":324,"column":54}},"66":{"start":{"line":325,"column":4},"end":{"line":325,"column":50}},"67":{"start":{"line":3,"column":0},"end":{"line":3,"column":13}}},"fnMap":{"0":{"name":"(anonymous_0)","decl":{"start":{"line":6,"column":9},"end":{"line":6,"column":14}},"loc":{"start":{"line":6,"column":42},"end":{"line":261,"column":3}}},"1":{"name":"(anonymous_1)","decl":{"start":{"line":263,"column":9},"end":{"line":263,"column":14}},"loc":{"start":{"line":263,"column":44},"end":{"line":326,"column":3}}}},"branchMap":{},"s":{"0":0,"1":0,"2":0,"3":0,"4":0,"5":0,"6":0,"7":0,"8":0,"9":0,"10":0,"11":0,"12":0,"13":0,"14":0,"15":0,"16":0,"17":0,"18":0,"19":0,"20":0,"21":0,"22":0,"23":0,"24":0,"25":0,"26":0,"27":0,"28":0,"29":0,"30":0,"31":0,"32":0,"33":0,"34":0,"35":0,"36":0,"37":0,"38":0,"39":0,"40":0,"41":0,"42":0,"43":0,"44":0,"45":0,"46":0,"47":0,"48":0,"49":0,"50":0,"51":0,"52":0,"53":0,"54":0,"55":0,"56":0,"57":0,"58":0,"59":0,"60":0,"61":0,"62":0,"63":0,"64":0,"65":0,"66":0,"67":0},"f":{"0":0,"1":0},"b":{}}
,"/app/src/migrations/1732467840000-AddIsOnboardingCompletedToUser.ts": {"path":"/app/src/migrations/1732467840000-AddIsOnboardingCompletedToUser.ts","statementMap":{"0":{"start":{"line":6,"column":9},"end":{"line":6,"column":54}},"1":{"start":{"line":9,"column":4},"end":{"line":11,"column":6}},"2":{"start":{"line":15,"column":4},"end":{"line":17,"column":6}},"3":{"start":{"line":3,"column":0},"end":{"line":3,"column":13}}},"fnMap":{"0":{"name":"(anonymous_0)","decl":{"start":{"line":8,"column":9},"end":{"line":8,"column":14}},"loc":{"start":{"line":8,"column":42},"end":{"line":12,"column":3}}},"1":{"name":"(anonymous_1)","decl":{"start":{"line":14,"column":9},"end":{"line":14,"column":14}},"loc":{"start":{"line":14,"column":44},"end":{"line":18,"column":3}}}},"branchMap":{},"s":{"0":0,"1":0,"2":0,"3":0},"f":{"0":0,"1":0},"b":{}}
,"/app/src/migrations/1732468867000-add-resident-status-and-country-code.ts": {"path":"/app/src/migrations/1732468867000-add-resident-status-and-country-code.ts","statementMap":{"0":{"start":{"line":6,"column":9},"end":{"line":6,"column":55}},"1":{"start":{"line":9,"column":4},"end":{"line":11,"column":6}},"2":{"start":{"line":12,"column":4},"end":{"line":14,"column":6}},"3":{"start":{"line":18,"column":4},"end":{"line":18,"column":77}},"4":{"start":{"line":19,"column":4},"end":{"line":19,"column":80}},"5":{"start":{"line":3,"column":0},"end":{"line":3,"column":13}}},"fnMap":{"0":{"name":"(anonymous_0)","decl":{"start":{"line":8,"column":9},"end":{"line":8,"column":14}},"loc":{"start":{"line":8,"column":42},"end":{"line":15,"column":3}}},"1":{"name":"(anonymous_1)","decl":{"start":{"line":17,"column":9},"end":{"line":17,"column":14}},"loc":{"start":{"line":17,"column":44},"end":{"line":21,"column":3}}}},"branchMap":{},"s":{"0":0,"1":0,"2":0,"3":0,"4":0,"5":0},"f":{"0":0,"1":0},"b":{}}
,"/app/src/migrations/1732469012000-create-tax-payments-table.ts": {"path":"/app/src/migrations/1732469012000-create-tax-payments-table.ts","statementMap":{"0":{"start":{"line":4,"column":9},"end":{"line":4,"column":46}},"1":{"start":{"line":7,"column":4},"end":{"line":9,"column":6}},"2":{"start":{"line":10,"column":4},"end":{"line":12,"column":6}},"3":{"start":{"line":13,"column":4},"end":{"line":15,"column":6}},"4":{"start":{"line":16,"column":4},"end":{"line":18,"column":6}},"5":{"start":{"line":19,"column":4},"end":{"line":21,"column":6}},"6":{"start":{"line":22,"column":4},"end":{"line":24,"column":6}},"7":{"start":{"line":28,"column":4},"end":{"line":30,"column":6}},"8":{"start":{"line":31,"column":4},"end":{"line":33,"column":6}},"9":{"start":{"line":34,"column":4},"end":{"line":34,"column":57}},"10":{"start":{"line":35,"column":4},"end":{"line":35,"column":77}},"11":{"start":{"line":36,"column":4},"end":{"line":38,"column":6}},"12":{"start":{"line":39,"column":4},"end":{"line":39,"column":79}},"13":{"start":{"line":3,"column":0},"end":{"line":3,"column":13}}},"fnMap":{"0":{"name":"(anonymous_0)","decl":{"start":{"line":6,"column":9},"end":{"line":6,"column":14}},"loc":{"start":{"line":6,"column":42},"end":{"line":25,"column":3}}},"1":{"name":"(anonymous_1)","decl":{"start":{"line":27,"column":9},"end":{"line":27,"column":14}},"loc":{"start":{"line":27,"column":44},"end":{"line":40,"column":3}}}},"branchMap":{},"s":{"0":0,"1":0,"2":0,"3":0,"4":0,"5":0,"6":0,"7":0,"8":0,"9":0,"10":0,"11":0,"12":0,"13":0},"f":{"0":0,"1":0},"b":{}}
,"/app/src/migrations/1732469022000-create-tax-configs-table.ts": {"path":"/app/src/migrations/1732469022000-create-tax-configs-table.ts","statementMap":{"0":{"start":{"line":4,"column":9},"end":{"line":4,"column":45}},"1":{"start":{"line":7,"column":4},"end":{"line":9,"column":6}},"2":{"start":{"line":10,"column":4},"end":{"line":12,"column":6}},"3":{"start":{"line":13,"column":4},"end":{"line":15,"column":6}},"4":{"start":{"line":16,"column":4},"end":{"line":18,"column":6}},"5":{"start":{"line":19,"column":4},"end":{"line":21,"column":6}},"6":{"start":{"line":25,"column":4},"end":{"line":27,"column":6}},"7":{"start":{"line":28,"column":4},"end":{"line":30,"column":6}},"8":{"start":{"line":31,"column":4},"end":{"line":31,"column":56}},"9":{"start":{"line":32,"column":4},"end":{"line":32,"column":79}},"10":{"start":{"line":33,"column":4},"end":{"line":33,"column":78}},"11":{"start":{"line":3,"column":0},"end":{"line":3,"column":13}}},"fnMap":{"0":{"name":"(anonymous_0)","decl":{"start":{"line":6,"column":9},"end":{"line":6,"column":14}},"loc":{"start":{"line":6,"column":42},"end":{"line":22,"column":3}}},"1":{"name":"(anonymous_1)","decl":{"start":{"line":24,"column":9},"end":{"line":24,"column":14}},"loc":{"start":{"line":24,"column":44},"end":{"line":34,"column":3}}}},"branchMap":{},"s":{"0":0,"1":0,"2":0,"3":0,"4":0,"5":0,"6":0,"7":0,"8":0,"9":0,"10":0,"11":0},"f":{"0":0,"1":0},"b":{}}
,"/app/src/migrations/1735123900000_add-missing-payroll-columns.ts": {"path":"/app/src/migrations/1735123900000_add-missing-payroll-columns.ts","statementMap":{"0":{"start":{"line":6,"column":9},"end":{"line":6,"column":48}},"1":{"start":{"line":9,"column":4},"end":{"line":11,"column":6}},"2":{"start":{"line":12,"column":4},"end":{"line":14,"column":6}},"3":{"start":{"line":15,"column":4},"end":{"line":17,"column":6}},"4":{"start":{"line":18,"column":4},"end":{"line":20,"column":6}},"5":{"start":{"line":21,"column":4},"end":{"line":23,"column":6}},"6":{"start":{"line":24,"column":4},"end":{"line":26,"column":6}},"7":{"start":{"line":30,"column":4},"end":{"line":32,"column":6}},"8":{"start":{"line":33,"column":4},"end":{"line":35,"column":6}},"9":{"start":{"line":36,"column":4},"end":{"line":38,"column":6}},"10":{"start":{"line":39,"column":4},"end":{"line":41,"column":6}},"11":{"start":{"line":42,"column":4},"end":{"line":44,"column":6}},"12":{"start":{"line":45,"column":4},"end":{"line":47,"column":6}},"13":{"start":{"line":3,"column":0},"end":{"line":3,"column":13}}},"fnMap":{"0":{"name":"(anonymous_0)","decl":{"start":{"line":8,"column":9},"end":{"line":8,"column":14}},"loc":{"start":{"line":8,"column":42},"end":{"line":27,"column":3}}},"1":{"name":"(anonymous_1)","decl":{"start":{"line":29,"column":9},"end":{"line":29,"column":14}},"loc":{"start":{"line":29,"column":44},"end":{"line":48,"column":3}}}},"branchMap":{},"s":{"0":0,"1":0,"2":0,"3":0,"4":0,"5":0,"6":0,"7":0,"8":0,"9":0,"10":0,"11":0,"12":0,"13":0},"f":{"0":0,"1":0},"b":{}}
,"/app/src/migrations/1735200000000-create-leave-requests-table.ts": {"path":"/app/src/migrations/1735200000000-create-leave-requests-table.ts","statementMap":{"0":{"start":{"line":6,"column":9},"end":{"line":6,"column":48}},"1":{"start":{"line":10,"column":4},"end":{"line":12,"column":6}},"2":{"start":{"line":15,"column":4},"end":{"line":17,"column":6}},"3":{"start":{"line":20,"column":4},"end":{"line":41,"column":12}},"4":{"start":{"line":44,"column":4},"end":{"line":46,"column":6}},"5":{"start":{"line":47,"column":4},"end":{"line":49,"column":6}},"6":{"start":{"line":50,"column":4},"end":{"line":52,"column":6}},"7":{"start":{"line":53,"column":4},"end":{"line":55,"column":6}},"8":{"start":{"line":58,"column":4},"end":{"line":60,"column":6}},"9":{"start":{"line":61,"column":4},"end":{"line":63,"column":6}},"10":{"start":{"line":64,"column":4},"end":{"line":66,"column":6}},"11":{"start":{"line":71,"column":4},"end":{"line":73,"column":6}},"12":{"start":{"line":74,"column":4},"end":{"line":76,"column":6}},"13":{"start":{"line":77,"column":4},"end":{"line":79,"column":6}},"14":{"start":{"line":82,"column":4},"end":{"line":82,"column":69}},"15":{"start":{"line":83,"column":4},"end":{"line":83,"column":70}},"16":{"start":{"line":84,"column":4},"end":{"line":84,"column":70}},"17":{"start":{"line":85,"column":4},"end":{"line":85,"column":72}},"18":{"start":{"line":88,"column":4},"end":{"line":88,"column":59}},"19":{"start":{"line":91,"column":4},"end":{"line":91,"column":79}},"20":{"start":{"line":92,"column":4},"end":{"line":94,"column":6}},"21":{"start":{"line":3,"column":0},"end":{"line":3,"column":13}}},"fnMap":{"0":{"name":"(anonymous_0)","decl":{"start":{"line":8,"column":9},"end":{"line":8,"column":14}},"loc":{"start":{"line":8,"column":42},"end":{"line":67,"column":3}}},"1":{"name":"(anonymous_1)","decl":{"start":{"line":69,"column":9},"end":{"line":69,"column":14}},"loc":{"start":{"line":69,"column":44},"end":{"line":95,"column":3}}}},"branchMap":{},"s":{"0":0,"1":0,"2":0,"3":0,"4":0,"5":0,"6":0,"7":0,"8":0,"9":0,"10":0,"11":0,"12":0,"13":0,"14":0,"15":0,"16":0,"17":0,"18":0,"19":0,"20":0,"21":0},"f":{"0":0,"1":0},"b":{}}
,"/app/src/migrations/1735200000001-create-leave-requests-table.ts": {"path":"/app/src/migrations/1735200000001-create-leave-requests-table.ts","statementMap":{"0":{"start":{"line":6,"column":9},"end":{"line":6,"column":48}},"1":{"start":{"line":10,"column":4},"end":{"line":12,"column":6}},"2":{"start":{"line":15,"column":4},"end":{"line":17,"column":6}},"3":{"start":{"line":20,"column":4},"end":{"line":43,"column":6}},"4":{"start":{"line":46,"column":4},"end":{"line":48,"column":6}},"5":{"start":{"line":49,"column":4},"end":{"line":51,"column":6}},"6":{"start":{"line":52,"column":4},"end":{"line":54,"column":6}},"7":{"start":{"line":55,"column":4},"end":{"line":57,"column":6}},"8":{"start":{"line":60,"column":4},"end":{"line":62,"column":6}},"9":{"start":{"line":63,"column":4},"end":{"line":65,"column":6}},"10":{"start":{"line":66,"column":4},"end":{"line":68,"column":6}},"11":{"start":{"line":73,"column":4},"end":{"line":75,"column":6}},"12":{"start":{"line":76,"column":4},"end":{"line":78,"column":6}},"13":{"start":{"line":79,"column":4},"end":{"line":81,"column":6}},"14":{"start":{"line":84,"column":4},"end":{"line":84,"column":69}},"15":{"start":{"line":85,"column":4},"end":{"line":85,"column":70}},"16":{"start":{"line":86,"column":4},"end":{"line":86,"column":70}},"17":{"start":{"line":87,"column":4},"end":{"line":87,"column":72}},"18":{"start":{"line":90,"column":4},"end":{"line":90,"column":59}},"19":{"start":{"line":93,"column":4},"end":{"line":93,"column":79}},"20":{"start":{"line":94,"column":4},"end":{"line":96,"column":6}},"21":{"start":{"line":3,"column":0},"end":{"line":3,"column":13}}},"fnMap":{"0":{"name":"(anonymous_0)","decl":{"start":{"line":8,"column":9},"end":{"line":8,"column":14}},"loc":{"start":{"line":8,"column":42},"end":{"line":69,"column":3}}},"1":{"name":"(anonymous_1)","decl":{"start":{"line":71,"column":9},"end":{"line":71,"column":14}},"loc":{"start":{"line":71,"column":44},"end":{"line":97,"column":3}}}},"branchMap":{},"s":{"0":0,"1":0,"2":0,"3":0,"4":0,"5":0,"6":0,"7":0,"8":0,"9":0,"10":0,"11":0,"12":0,"13":0,"14":0,"15":0,"16":0,"17":0,"18":0,"19":0,"20":0,"21":0},"f":{"0":0,"1":0},"b":{}}
,"/app/src/migrations/1735200000002-create-terminations-table.ts": {"path":"/app/src/migrations/1735200000002-create-terminations-table.ts","statementMap":{"0":{"start":{"line":6,"column":9},"end":{"line":6,"column":47}},"1":{"start":{"line":10,"column":4},"end":{"line":12,"column":6}},"2":{"start":{"line":15,"column":4},"end":{"line":17,"column":6}},"3":{"start":{"line":20,"column":4},"end":{"line":49,"column":6}},"4":{"start":{"line":52,"column":4},"end":{"line":54,"column":6}},"5":{"start":{"line":55,"column":4},"end":{"line":57,"column":6}},"6":{"start":{"line":58,"column":4},"end":{"line":60,"column":6}},"7":{"start":{"line":61,"column":4},"end":{"line":63,"column":6}},"8":{"start":{"line":66,"column":4},"end":{"line":68,"column":6}},"9":{"start":{"line":69,"column":4},"end":{"line":71,"column":6}},"10":{"start":{"line":72,"column":4},"end":{"line":74,"column":6}},"11":{"start":{"line":79,"column":4},"end":{"line":81,"column":6}},"12":{"start":{"line":82,"column":4},"end":{"line":84,"column":6}},"13":{"start":{"line":85,"column":4},"end":{"line":87,"column":6}},"14":{"start":{"line":90,"column":4},"end":{"line":90,"column":66}},"15":{"start":{"line":91,"column":4},"end":{"line":91,"column":68}},"16":{"start":{"line":92,"column":4},"end":{"line":92,"column":68}},"17":{"start":{"line":93,"column":4},"end":{"line":93,"column":70}},"18":{"start":{"line":96,"column":4},"end":{"line":96,"column":57}},"19":{"start":{"line":99,"column":4},"end":{"line":99,"column":77}},"20":{"start":{"line":100,"column":4},"end":{"line":102,"column":6}},"21":{"start":{"line":3,"column":0},"end":{"line":3,"column":13}}},"fnMap":{"0":{"name":"(anonymous_0)","decl":{"start":{"line":8,"column":9},"end":{"line":8,"column":14}},"loc":{"start":{"line":8,"column":42},"end":{"line":75,"column":3}}},"1":{"name":"(anonymous_1)","decl":{"start":{"line":77,"column":9},"end":{"line":77,"column":14}},"loc":{"start":{"line":77,"column":44},"end":{"line":103,"column":3}}}},"branchMap":{},"s":{"0":0,"1":0,"2":0,"3":0,"4":0,"5":0,"6":0,"7":0,"8":0,"9":0,"10":0,"11":0,"12":0,"13":0,"14":0,"15":0,"16":0,"17":0,"18":0,"19":0,"20":0,"21":0},"f":{"0":0,"1":0},"b":{}}
,"/app/src/migrations/1735200000003-create-account-mappings-table.ts": {"path":"/app/src/migrations/1735200000003-create-account-mappings-table.ts","statementMap":{"0":{"start":{"line":6,"column":9},"end":{"line":6,"column":50}},"1":{"start":{"line":10,"column":4},"end":{"line":12,"column":6}},"2":{"start":{"line":15,"column":4},"end":{"line":30,"column":6}},"3":{"start":{"line":33,"column":4},"end":{"line":35,"column":6}},"4":{"start":{"line":36,"column":4},"end":{"line":38,"column":6}},"5":{"start":{"line":39,"column":4},"end":{"line":41,"column":6}},"6":{"start":{"line":42,"column":4},"end":{"line":44,"column":6}},"7":{"start":{"line":47,"column":4},"end":{"line":49,"column":6}},"8":{"start":{"line":50,"column":4},"end":{"line":52,"column":6}},"9":{"start":{"line":57,"column":4},"end":{"line":59,"column":6}},"10":{"start":{"line":60,"column":4},"end":{"line":62,"column":6}},"11":{"start":{"line":65,"column":4},"end":{"line":67,"column":6}},"12":{"start":{"line":68,"column":4},"end":{"line":68,"column":77}},"13":{"start":{"line":69,"column":4},"end":{"line":69,"column":77}},"14":{"start":{"line":70,"column":4},"end":{"line":70,"column":72}},"15":{"start":{"line":73,"column":4},"end":{"line":73,"column":61}},"16":{"start":{"line":76,"column":4},"end":{"line":78,"column":6}},"17":{"start":{"line":3,"column":0},"end":{"line":3,"column":13}}},"fnMap":{"0":{"name":"(anonymous_0)","decl":{"start":{"line":8,"column":9},"end":{"line":8,"column":14}},"loc":{"start":{"line":8,"column":42},"end":{"line":53,"column":3}}},"1":{"name":"(anonymous_1)","decl":{"start":{"line":55,"column":9},"end":{"line":55,"column":14}},"loc":{"start":{"line":55,"column":44},"end":{"line":79,"column":3}}}},"branchMap":{},"s":{"0":0,"1":0,"2":0,"3":0,"4":0,"5":0,"6":0,"7":0,"8":0,"9":0,"10":0,"11":0,"12":0,"13":0,"14":0,"15":0,"16":0,"17":0},"f":{"0":0,"1":0},"b":{}}
,"/app/src/migrations/1735200000004-create-accounting-exports-table.ts": {"path":"/app/src/migrations/1735200000004-create-accounting-exports-table.ts","statementMap":{"0":{"start":{"line":6,"column":9},"end":{"line":6,"column":52}},"1":{"start":{"line":10,"column":4},"end":{"line":12,"column":6}},"2":{"start":{"line":15,"column":4},"end":{"line":17,"column":6}},"3":{"start":{"line":20,"column":4},"end":{"line":22,"column":6}},"4":{"start":{"line":25,"column":4},"end":{"line":45,"column":6}},"5":{"start":{"line":48,"column":4},"end":{"line":50,"column":6}},"6":{"start":{"line":51,"column":4},"end":{"line":53,"column":6}},"7":{"start":{"line":54,"column":4},"end":{"line":56,"column":6}},"8":{"start":{"line":57,"column":4},"end":{"line":59,"column":6}},"9":{"start":{"line":62,"column":4},"end":{"line":64,"column":6}},"10":{"start":{"line":69,"column":4},"end":{"line":71,"column":6}},"11":{"start":{"line":74,"column":4},"end":{"line":74,"column":77}},"12":{"start":{"line":75,"column":4},"end":{"line":75,"column":78}},"13":{"start":{"line":76,"column":4},"end":{"line":76,"column":74}},"14":{"start":{"line":77,"column":4},"end":{"line":77,"column":74}},"15":{"start":{"line":80,"column":4},"end":{"line":80,"column":63}},"16":{"start":{"line":83,"column":4},"end":{"line":85,"column":6}},"17":{"start":{"line":86,"column":4},"end":{"line":88,"column":6}},"18":{"start":{"line":89,"column":4},"end":{"line":91,"column":6}},"19":{"start":{"line":3,"column":0},"end":{"line":3,"column":13}}},"fnMap":{"0":{"name":"(anonymous_0)","decl":{"start":{"line":8,"column":9},"end":{"line":8,"column":14}},"loc":{"start":{"line":8,"column":42},"end":{"line":65,"column":3}}},"1":{"name":"(anonymous_1)","decl":{"start":{"line":67,"column":9},"end":{"line":67,"column":14}},"loc":{"start":{"line":67,"column":44},"end":{"line":92,"column":3}}}},"branchMap":{},"s":{"0":0,"1":0,"2":0,"3":0,"4":0,"5":0,"6":0,"7":0,"8":0,"9":0,"10":0,"11":0,"12":0,"13":0,"14":0,"15":0,"16":0,"17":0,"18":0,"19":0},"f":{"0":0,"1":0},"b":{}}
,"/app/src/migrations/1735200000005-add-termination-foreign-key.ts": {"path":"/app/src/migrations/1735200000005-add-termination-foreign-key.ts","statementMap":{"0":{"start":{"line":6,"column":9},"end":{"line":6,"column":60}},"1":{"start":{"line":10,"column":4},"end":{"line":12,"column":6}},"2":{"start":{"line":17,"column":4},"end":{"line":19,"column":6}},"3":{"start":{"line":3,"column":0},"end":{"line":3,"column":13}}},"fnMap":{"0":{"name":"(anonymous_0)","decl":{"start":{"line":8,"column":9},"end":{"line":8,"column":14}},"loc":{"start":{"line":8,"column":42},"end":{"line":13,"column":3}}},"1":{"name":"(anonymous_1)","decl":{"start":{"line":15,"column":9},"end":{"line":15,"column":14}},"loc":{"start":{"line":15,"column":44},"end":{"line":20,"column":3}}}},"branchMap":{},"s":{"0":0,"1":0,"2":0,"3":0},"f":{"0":0,"1":0},"b":{}}
,"/app/src/modules/accounting/accounting-export.service.ts": {"path":"/app/src/modules/accounting/accounting-export.service.ts","statementMap":{"0":{"start":{"line":1,"column":0},"end":{"line":1,"column":44}},"1":{"start":{"line":2,"column":0},"end":{"line":2,"column":51}},"2":{"start":{"line":3,"column":0},"end":{"line":3,"column":37}},"3":{"start":{"line":4,"column":0},"end":{"line":4,"column":74}},"4":{"start":{"line":5,"column":0},"end":{"line":5,"column":null}},"5":{"start":{"line":9,"column":0},"end":{"line":9,"column":null}},"6":{"start":{"line":31,"column":7},"end":{"line":313,"column":null}},"7":{"start":{"line":34,"column":12},"end":{"line":34,"column":37}},"8":{"start":{"line":36,"column":12},"end":{"line":36,"column":38}},"9":{"start":{"line":38,"column":12},"end":{"line":38,"column":40}},"10":{"start":{"line":46,"column":27},"end":{"line":53,"column":6}},"11":{"start":{"line":55,"column":4},"end":{"line":57,"column":5}},"12":{"start":{"line":56,"column":6},"end":{"line":56,"column":76}},"13":{"start":{"line":60,"column":21},"end":{"line":60,"column":58}},"14":{"start":{"line":63,"column":19},"end":{"line":63,"column":62}},"15":{"start":{"line":66,"column":36},"end":{"line":66,"column":38}},"16":{"start":{"line":67,"column":17},"end":{"line":67,"column":27}},"17":{"start":{"line":68,"column":24},"end":{"line":68,"column":142}},"18":{"start":{"line":71,"column":4},"end":{"line":78,"column":7}},"19":{"start":{"line":81,"column":4},"end":{"line":90,"column":5}},"20":{"start":{"line":82,"column":6},"end":{"line":89,"column":9}},"21":{"start":{"line":93,"column":4},"end":{"line":102,"column":5}},"22":{"start":{"line":94,"column":6},"end":{"line":101,"column":9}},"23":{"start":{"line":105,"column":4},"end":{"line":114,"column":5}},"24":{"start":{"line":106,"column":6},"end":{"line":113,"column":9}},"25":{"start":{"line":117,"column":4},"end":{"line":126,"column":5}},"26":{"start":{"line":118,"column":6},"end":{"line":125,"column":9}},"27":{"start":{"line":129,"column":4},"end":{"line":136,"column":7}},"28":{"start":{"line":139,"column":24},"end":{"line":139,"column":68}},"29":{"start":{"line":139,"column":51},"end":{"line":139,"column":64}},"30":{"start":{"line":140,"column":25},"end":{"line":140,"column":70}},"31":{"start":{"line":140,"column":52},"end":{"line":140,"column":66}},"32":{"start":{"line":141,"column":23},"end":{"line":141,"column":66}},"33":{"start":{"line":143,"column":4},"end":{"line":148,"column":6}},"34":{"start":{"line":152,"column":27},"end":{"line":154,"column":null}},"35":{"start":{"line":157,"column":4},"end":{"line":159,"column":5}},"36":{"start":{"line":158,"column":6},"end":{"line":158,"column":74}},"37":{"start":{"line":162,"column":20},"end":{"line":169,"column":6}},"38":{"start":{"line":170,"column":17},"end":{"line":177,"column":6}},"39":{"start":{"line":170,"column":55},"end":{"line":177,"column":6}},"40":{"start":{"line":180,"column":4},"end":{"line":187,"column":7}},"41":{"start":{"line":189,"column":16},"end":{"line":191,"column":17}},"42":{"start":{"line":190,"column":20},"end":{"line":190,"column":60}},"43":{"start":{"line":190,"column":38},"end":{"line":190,"column":49}},"44":{"start":{"line":193,"column":4},"end":{"line":193,"column":15}},"45":{"start":{"line":201,"column":21},"end":{"line":203,"column":6}},"46":{"start":{"line":206,"column":4},"end":{"line":208,"column":5}},"47":{"start":{"line":207,"column":6},"end":{"line":207,"column":46}},"48":{"start":{"line":210,"column":24},"end":{"line":210,"column":26}},"49":{"start":{"line":211,"column":4},"end":{"line":216,"column":5}},"50":{"start":{"line":212,"column":6},"end":{"line":215,"column":8}},"51":{"start":{"line":219,"column":21},"end":{"line":219,"column":53}},"52":{"start":{"line":220,"column":4},"end":{"line":224,"column":5}},"53":{"start":{"line":221,"column":6},"end":{"line":223,"column":7}},"54":{"start":{"line":222,"column":8},"end":{"line":222,"column":46}},"55":{"start":{"line":226,"column":4},"end":{"line":226,"column":18}},"56":{"start":{"line":233,"column":4},"end":{"line":258,"column":6}},"57":{"start":{"line":270,"column":4},"end":{"line":270,"column":59}},"58":{"start":{"line":273,"column":21},"end":{"line":279,"column":null}},"59":{"start":{"line":274,"column":6},"end":{"line":279,"column":8}},"60":{"start":{"line":282,"column":4},"end":{"line":282,"column":56}},"61":{"start":{"line":286,"column":4},"end":{"line":311,"column":6}},"62":{"start":{"line":288,"column":20},"end":{"line":288,"column":47}},"63":{"start":{"line":292,"column":20},"end":{"line":292,"column":45}},"64":{"start":{"line":296,"column":20},"end":{"line":296,"column":53}},"65":{"start":{"line":300,"column":20},"end":{"line":300,"column":53}},"66":{"start":{"line":304,"column":20},"end":{"line":304,"column":60}},"67":{"start":{"line":308,"column":20},"end":{"line":308,"column":45}},"68":{"start":{"line":31,"column":13},"end":{"line":31,"column":36}},"69":{"start":{"line":31,"column":13},"end":{"line":313,"column":null}}},"fnMap":{"0":{"name":"(anonymous_4)","decl":{"start":{"line":32,"column":2},"end":{"line":32,"column":null}},"loc":{"start":{"line":38,"column":68},"end":{"line":39,"column":6}}},"1":{"name":"(anonymous_5)","decl":{"start":{"line":41,"column":2},"end":{"line":41,"column":7}},"loc":{"start":{"line":43,"column":18},"end":{"line":149,"column":3}}},"2":{"name":"(anonymous_6)","decl":{"start":{"line":139,"column":39},"end":{"line":139,"column":40}},"loc":{"start":{"line":139,"column":51},"end":{"line":139,"column":64}}},"3":{"name":"(anonymous_7)","decl":{"start":{"line":140,"column":40},"end":{"line":140,"column":41}},"loc":{"start":{"line":140,"column":52},"end":{"line":140,"column":66}}},"4":{"name":"(anonymous_8)","decl":{"start":{"line":151,"column":2},"end":{"line":151,"column":7}},"loc":{"start":{"line":151,"column":55},"end":{"line":194,"column":3}}},"5":{"name":"(anonymous_9)","decl":{"start":{"line":170,"column":44},"end":{"line":170,"column":45}},"loc":{"start":{"line":170,"column":55},"end":{"line":177,"column":6}}},"6":{"name":"(anonymous_10)","decl":{"start":{"line":190,"column":11},"end":{"line":190,"column":12}},"loc":{"start":{"line":190,"column":20},"end":{"line":190,"column":60}}},"7":{"name":"(anonymous_11)","decl":{"start":{"line":190,"column":28},"end":{"line":190,"column":29}},"loc":{"start":{"line":190,"column":38},"end":{"line":190,"column":49}}},"8":{"name":"(anonymous_12)","decl":{"start":{"line":196,"column":2},"end":{"line":196,"column":7}},"loc":{"start":{"line":197,"column":18},"end":{"line":227,"column":3}}},"9":{"name":"(anonymous_13)","decl":{"start":{"line":229,"column":2},"end":{"line":229,"column":27}},"loc":{"start":{"line":229,"column":27},"end":{"line":259,"column":3}}},"10":{"name":"(anonymous_14)","decl":{"start":{"line":261,"column":2},"end":{"line":261,"column":7}},"loc":{"start":{"line":267,"column":6},"end":{"line":283,"column":3}}},"11":{"name":"(anonymous_15)","decl":{"start":{"line":273,"column":34},"end":{"line":273,"column":35}},"loc":{"start":{"line":274,"column":6},"end":{"line":279,"column":8}}},"12":{"name":"(anonymous_16)","decl":{"start":{"line":285,"column":10},"end":{"line":285,"column":32}},"loc":{"start":{"line":285,"column":64},"end":{"line":312,"column":3}}},"13":{"name":"(anonymous_17)","decl":{"start":{"line":288,"column":8},"end":{"line":288,"column":9}},"loc":{"start":{"line":288,"column":20},"end":{"line":288,"column":47}}},"14":{"name":"(anonymous_18)","decl":{"start":{"line":292,"column":8},"end":{"line":292,"column":9}},"loc":{"start":{"line":292,"column":20},"end":{"line":292,"column":45}}},"15":{"name":"(anonymous_19)","decl":{"start":{"line":296,"column":8},"end":{"line":296,"column":9}},"loc":{"start":{"line":296,"column":20},"end":{"line":296,"column":53}}},"16":{"name":"(anonymous_20)","decl":{"start":{"line":300,"column":8},"end":{"line":300,"column":9}},"loc":{"start":{"line":300,"column":20},"end":{"line":300,"column":53}}},"17":{"name":"(anonymous_21)","decl":{"start":{"line":304,"column":8},"end":{"line":304,"column":9}},"loc":{"start":{"line":304,"column":20},"end":{"line":304,"column":60}}},"18":{"name":"(anonymous_22)","decl":{"start":{"line":308,"column":8},"end":{"line":308,"column":9}},"loc":{"start":{"line":308,"column":20},"end":{"line":308,"column":45}}}},"branchMap":{"0":{"loc":{"start":{"line":55,"column":4},"end":{"line":57,"column":5}},"type":"if","locations":[{"start":{"line":55,"column":4},"end":{"line":57,"column":5}},{"start":{},"end":{}}]},"1":{"loc":{"start":{"line":81,"column":4},"end":{"line":90,"column":5}},"type":"if","locations":[{"start":{"line":81,"column":4},"end":{"line":90,"column":5}},{"start":{},"end":{}}]},"2":{"loc":{"start":{"line":93,"column":4},"end":{"line":102,"column":5}},"type":"if","locations":[{"start":{"line":93,"column":4},"end":{"line":102,"column":5}},{"start":{},"end":{}}]},"3":{"loc":{"start":{"line":105,"column":4},"end":{"line":114,"column":5}},"type":"if","locations":[{"start":{"line":105,"column":4},"end":{"line":114,"column":5}},{"start":{},"end":{}}]},"4":{"loc":{"start":{"line":117,"column":4},"end":{"line":126,"column":5}},"type":"if","locations":[{"start":{"line":117,"column":4},"end":{"line":126,"column":5}},{"start":{},"end":{}}]},"5":{"loc":{"start":{"line":157,"column":4},"end":{"line":159,"column":5}},"type":"if","locations":[{"start":{"line":157,"column":4},"end":{"line":159,"column":5}},{"start":{},"end":{}}]},"6":{"loc":{"start":{"line":174,"column":6},"end":{"line":174,"column":51}},"type":"cond-expr","locations":[{"start":{"line":174,"column":24},"end":{"line":174,"column":46}},{"start":{"line":174,"column":49},"end":{"line":174,"column":51}}]},"7":{"loc":{"start":{"line":175,"column":6},"end":{"line":175,"column":53}},"type":"cond-expr","locations":[{"start":{"line":175,"column":25},"end":{"line":175,"column":48}},{"start":{"line":175,"column":51},"end":{"line":175,"column":53}}]},"8":{"loc":{"start":{"line":206,"column":4},"end":{"line":208,"column":5}},"type":"if","locations":[{"start":{"line":206,"column":4},"end":{"line":208,"column":5}},{"start":{},"end":{}}]},"9":{"loc":{"start":{"line":221,"column":6},"end":{"line":223,"column":7}},"type":"if","locations":[{"start":{"line":221,"column":6},"end":{"line":223,"column":7}},{"start":{},"end":{}}]},"10":{"loc":{"start":{"line":34,"column":37},"end":{"line":34,"column":62}},"type":"cond-expr","locations":[{"start":{"line":34,"column":47},"end":{"line":34,"column":62}},{"start":{"line":34,"column":47},"end":{"line":34,"column":62}}]},"11":{"loc":{"start":{"line":34,"column":37},"end":{"line":34,"column":47}},"type":"binary-expr","locations":[{"start":{"line":34,"column":37},"end":{"line":34,"column":62}},{"start":{"line":34,"column":37},"end":{"line":34,"column":47}}]},"12":{"loc":{"start":{"line":34,"column":47},"end":{"line":36,"column":64}},"type":"cond-expr","locations":[{"start":{"line":36,"column":48},"end":{"line":36,"column":64}},{"start":{"line":36,"column":48},"end":{"line":36,"column":64}}]},"13":{"loc":{"start":{"line":34,"column":47},"end":{"line":36,"column":48}},"type":"binary-expr","locations":[{"start":{"line":34,"column":47},"end":{"line":36,"column":64}},{"start":{"line":36,"column":38},"end":{"line":36,"column":48}}]},"14":{"loc":{"start":{"line":36,"column":48},"end":{"line":38,"column":68}},"type":"cond-expr","locations":[{"start":{"line":38,"column":50},"end":{"line":38,"column":68}},{"start":{"line":38,"column":50},"end":{"line":38,"column":68}}]},"15":{"loc":{"start":{"line":36,"column":48},"end":{"line":38,"column":50}},"type":"binary-expr","locations":[{"start":{"line":36,"column":48},"end":{"line":38,"column":68}},{"start":{"line":38,"column":40},"end":{"line":38,"column":50}}]}},"s":{"0":0,"1":0,"2":0,"3":0,"4":0,"5":0,"6":0,"7":0,"8":0,"9":0,"10":0,"11":0,"12":0,"13":0,"14":0,"15":0,"16":0,"17":0,"18":0,"19":0,"20":0,"21":0,"22":0,"23":0,"24":0,"25":0,"26":0,"27":0,"28":0,"29":0,"30":0,"31":0,"32":0,"33":0,"34":0,"35":0,"36":0,"37":0,"38":0,"39":0,"40":0,"41":0,"42":0,"43":0,"44":0,"45":0,"46":0,"47":0,"48":0,"49":0,"50":0,"51":0,"52":0,"53":0,"54":0,"55":0,"56":0,"57":0,"58":0,"59":0,"60":0,"61":0,"62":0,"63":0,"64":0,"65":0,"66":0,"67":0,"68":0,"69":0},"f":{"0":0,"1":0,"2":0,"3":0,"4":0,"5":0,"6":0,"7":0,"8":0,"9":0,"10":0,"11":0,"12":0,"13":0,"14":0,"15":0,"16":0,"17":0,"18":0},"b":{"0":[0,0],"1":[0,0],"2":[0,0],"3":[0,0],"4":[0,0],"5":[0,0],"6":[0,0],"7":[0,0],"8":[0,0],"9":[0,0],"10":[0,0],"11":[0,0],"12":[0,0],"13":[0,0],"14":[0,0],"15":[0,0]}}
,"/app/src/modules/accounting/accounting.controller.ts": {"path":"/app/src/modules/accounting/accounting.controller.ts","statementMap":{"0":{"start":{"line":1,"column":0},"end":{"line":1,"column":null}},"1":{"start":{"line":12,"column":0},"end":{"line":12,"column":70}},"2":{"start":{"line":13,"column":0},"end":{"line":13,"column":54}},"3":{"start":{"line":26,"column":7},"end":{"line":145,"column":null}},"4":{"start":{"line":28,"column":21},"end":{"line":28,"column":46}},"5":{"start":{"line":37,"column":4},"end":{"line":61,"column":5}},"6":{"start":{"line":38,"column":21},"end":{"line":38,"column":36}},"7":{"start":{"line":40,"column":6},"end":{"line":50,"column":7}},"8":{"start":{"line":41,"column":20},"end":{"line":43,"column":null}},"9":{"start":{"line":45,"column":8},"end":{"line":49,"column":10}},"10":{"start":{"line":52,"column":6},"end":{"line":55,"column":8}},"11":{"start":{"line":57,"column":6},"end":{"line":60,"column":8}},"12":{"start":{"line":66,"column":4},"end":{"line":98,"column":6}},"13":{"start":{"line":103,"column":19},"end":{"line":103,"column":34}},"14":{"start":{"line":104,"column":21},"end":{"line":106,"column":null}},"15":{"start":{"line":108,"column":4},"end":{"line":108,"column":39}},"16":{"start":{"line":113,"column":19},"end":{"line":113,"column":34}},"17":{"start":{"line":115,"column":6},"end":{"line":115,"column":67}},"18":{"start":{"line":116,"column":4},"end":{"line":116,"column":24}},"19":{"start":{"line":121,"column":21},"end":{"line":121,"column":77}},"20":{"start":{"line":122,"column":4},"end":{"line":122,"column":24}},"21":{"start":{"line":130,"column":4},"end":{"line":143,"column":5}},"22":{"start":{"line":131,"column":21},"end":{"line":131,"column":36}},"23":{"start":{"line":133,"column":8},"end":{"line":135,"column":null}},"24":{"start":{"line":137,"column":6},"end":{"line":137,"column":28}},"25":{"start":{"line":139,"column":6},"end":{"line":142,"column":8}},"26":{"start":{"line":26,"column":13},"end":{"line":26,"column":33}},"27":{"start":{"line":32,"column":8},"end":{"line":62,"column":null}},"28":{"start":{"line":65,"column":2},"end":{"line":99,"column":null}},"29":{"start":{"line":102,"column":8},"end":{"line":109,"column":null}},"30":{"start":{"line":112,"column":8},"end":{"line":117,"column":null}},"31":{"start":{"line":120,"column":2},"end":{"line":123,"column":null}},"32":{"start":{"line":126,"column":8},"end":{"line":144,"column":null}},"33":{"start":{"line":26,"column":13},"end":{"line":145,"column":null}}},"fnMap":{"0":{"name":"(anonymous_4)","decl":{"start":{"line":27,"column":2},"end":{"line":27,"column":null}},"loc":{"start":{"line":28,"column":69},"end":{"line":29,"column":6}}},"1":{"name":"(anonymous_5)","decl":{"start":{"line":32,"column":8},"end":{"line":32,"column":21}},"loc":{"start":{"line":35,"column":42},"end":{"line":62,"column":3}}},"2":{"name":"(anonymous_6)","decl":{"start":{"line":65,"column":2},"end":{"line":65,"column":21}},"loc":{"start":{"line":65,"column":21},"end":{"line":99,"column":3}}},"3":{"name":"(anonymous_7)","decl":{"start":{"line":102,"column":8},"end":{"line":102,"column":27}},"loc":{"start":{"line":102,"column":77},"end":{"line":109,"column":3}}},"4":{"name":"(anonymous_8)","decl":{"start":{"line":112,"column":8},"end":{"line":112,"column":26}},"loc":{"start":{"line":112,"column":46},"end":{"line":117,"column":3}}},"5":{"name":"(anonymous_9)","decl":{"start":{"line":120,"column":2},"end":{"line":120,"column":20}},"loc":{"start":{"line":120,"column":20},"end":{"line":123,"column":3}}},"6":{"name":"(anonymous_10)","decl":{"start":{"line":126,"column":8},"end":{"line":126,"column":30}},"loc":{"start":{"line":128,"column":45},"end":{"line":144,"column":3}}}},"branchMap":
[...]
},"45":{"start":{"line":157,"column":4},"end":{"line":157,"column":58}},"46":{"start":{"line":165,"column":25},"end":{"line":168,"column":6}},"47":{"start":{"line":170,"column":4},"end":{"line":172,"column":5}},"48":{"start":{"line":171,"column":6},"end":{"line":171,"column":61}},"49":{"start":{"line":175,"column":19},"end":{"line":177,"column":6}},"50":{"start":{"line":179,"column":4},"end":{"line":181,"column":5}},"51":{"start":{"line":180,"column":6},"end":{"line":180,"column":54}},"52":{"start":{"line":184,"column":4},"end":{"line":186,"column":5}},"53":{"start":{"line":185,"column":6},"end":{"line":185,"column":78}},"54":{"start":{"line":188,"column":22},"end":{"line":190,"column":30}},"55":{"start":{"line":192,"column":20},"end":{"line":194,"column":28}},"56":{"start":{"line":196,"column":4},"end":{"line":198,"column":5}},"57":{"start":{"line":197,"column":6},"end":{"line":197,"column":74}},"58":{"start":{"line":201,"column":21},"end":{"line":201,"column":60}},"59":{"start":{"line":202,"column":22},"end":{"line":202,"column":66}},"60":{"start":{"line":204,"column":4},"end":{"line":211,"column":7}},"61":{"start":{"line":213,"column":4},"end":{"line":213,"column":58}},"62":{"start":{"line":220,"column":25},"end":{"line":223,"column":6}},"63":{"start":{"line":225,"column":4},"end":{"line":227,"column":5}},"64":{"start":{"line":226,"column":6},"end":{"line":226,"column":61}},"65":{"start":{"line":230,"column":19},"end":{"line":232,"column":6}},"66":{"start":{"line":234,"column":4},"end":{"line":236,"column":5}},"67":{"start":{"line":235,"column":6},"end":{"line":235,"column":54}},"68":{"start":{"line":238,"column":4},"end":{"line":240,"column":5}},"69":{"start":{"line":239,"column":6},"end":{"line":239,"column":74}},"70":{"start":{"line":242,"column":4},"end":{"line":242,"column":48}},"71":{"start":{"line":243,"column":4},"end":{"line":243,"column":58}},"72":{"start":{"line":259,"column":19},"end":{"line":261,"column":6}},"73":{"start":{"line":263,"column":4},"end":{"line":265,"column":5}},"74":{"start":{"line":264,"column":6},"end":{"line":264,"column":54}},"75":{"start":{"line":267,"column":24},"end":{"line":267,"column":48}},"76":{"start":{"line":268,"column":24},"end":{"line":268,"column":51}},"77":{"start":{"line":269,"column":22},"end":{"line":269,"column":51}},"78":{"start":{"line":272,"column":25},"end":{"line":279,"column":6}},"79":{"start":{"line":281,"column":29},"end":{"line":283,"column":null}},"80":{"start":{"line":282,"column":24},"end":{"line":282,"column":47}},"81":{"start":{"line":287,"column":30},"end":{"line":287,"column":32}},"82":{"start":{"line":290,"column":26},"end":{"line":295,"column":6}},"83":{"start":{"line":297,"column":4},"end":{"line":306,"column":6}},"84":{"start":{"line":17,"column":13},"end":{"line":17,"column":35}},"85":{"start":{"line":17,"column":13},"end":{"line":308,"column":null}}},"fnMap":{"0":{"name":"(anonymous_4)","decl":{"start":{"line":18,"column":2},"end":{"line":18,"column":null}},"loc":{"start":{"line":22,"column":49},"end":{"line":23,"column":6}}},"1":{"name":"(anonymous_5)","decl":{"start":{"line":25,"column":2},"end":{"line":25,"column":7}},"loc":{"start":{"line":28,"column":48},"end":{"line":88,"column":3}}},"2":{"name":"(anonymous_6)","decl":{"start":{"line":90,"column":2},"end":{"line":90,"column":7}},"loc":{"start":{"line":90,"column":46},"end":{"line":102,"column":3}}},"3":{"name":"(anonymous_7)","decl":{"start":{"line":95,"column":34},"end":{"line":95,"column":35}},"loc":{"start":{"line":95,"column":46},"end":{"line":95,"column":55}}},"4":{"name":"(anonymous_8)","decl":{"start":{"line":104,"column":2},"end":{"line":104,"column":7}},"loc":{"start":{"line":106,"column":20},"end":{"line":122,"column":3}}},"5":{"name":"(anonymous_9)","decl":{"start":{"line":124,"column":2},"end":{"line":124,"column":7}},"loc":{"start":{"line":127,"column":50},"end":{"line":158,"column":3}}},"6":{"name":"(anonymous_10)","decl":{"start":{"line":160,"column":2},"end":{"line":160,"column":7}},"loc":{"start":{"line":163,"column":48},"end":{"line":214,"column":3}}},"7":{"name":"(anonymous_11)","decl":{"start":{"line":216,"column":2},"end":{"line":216,"column":7}},"loc":{"start":{"line":218,"column":21},"end":{"line":244,"column":3}}},"8":{"name":"(anonymous_12)","decl":{"start":{"line":246,"column":2},"end":{"line":246,"column":7}},"loc":{"start":{"line":248,"column":18},"end":{"line":307,"column":3}}},"9":{"name":"(anonymous_13)","decl":{"start":{"line":282,"column":6},"end":{"line":282,"column":7}},"loc":{"start":{"line":282,"column":24},"end":{"line":282,"column":47}}}},"branchMap":{"0":{"loc":{"start":{"line":35,"column":4},"end":{"line":37,"column":5}},"type":"if","locations":[{"start":{"line":35,"column":4},"end":{"line":37,"column":5}},{"start":{},"end":{}}]},"1":{"loc":{"start":{"line":43,"column":4},"end":{"line":45,"column":5}},"type":"if","locations":[{"start":{"line":43,"column":4},"end":{"line":45,"column":5}},{"start":{},"end":{}}]},"2":{"loc":{"start":{"line":47,"column":4},"end":{"line":51,"column":5}},"type":"if","locations":[{"start":{"line":47,"column":4},"end":{"line":51,"column":5}},{"start":{},"end":{}}]},"3":{"loc":{"start":{"line":66,"column":4},"end":{"line":70,"column":5}},"type":"if","locations":[{"start":{"line":66,"column":4},"end":{"line":70,"column":5}},{"start":{},"end":{}}]},"4":{"loc":{"start":{"line":74,"column":6},"end":{"line":74,"column":67}},"type":"binary-expr","locations":[{"start":{"line":74,"column":6},"end":{"line":74,"column":40}},{"start":{"line":74,"column":44},"end":{"line":74,"column":67}}]},"5":{"loc":{"start":{"line":84,"column":17},"end":{"line":84,"column":56}},"type":"binary-expr","locations":[{"start":{"line":84,"column":17},"end":{"line":84,"column":48}},{"start":{"line":84,"column":52},"end":{"line":84,"column":56}}]},"6":{"loc":{"start":{"line":113,"column":4},"end":{"line":115,"column":5}},"type":"if","locations":[{"start":{"line":113,"column":4},"end":{"line":115,"column":5}},{"start":{},"end":{}}]},"7":{"loc":{"start":{"line":134,"column":4},"end":{"line":136,"column":5}},"type":"if","locations":[{"start":{"line":134,"column":4},"end":{"line":136,"column":5}},{"start":{},"end":{}}]},"8":{"loc":{"start":{"line":143,"column":4},"end":{"line":145,"column":5}},"type":"if","locations":[{"start":{"line":143,"column":4},"end":{"line":145,"column":5}},{"start":{},"end":{}}]},"9":{"loc":{"start":{"line":147,"column":4},"end":{"line":155,"column":5}},"type":"if","locations":[{"start":{"line":147,"column":4},"end":{"line":155,"column":5}},{"start":{"line":151,"column":11},"end":{"line":155,"column":5}}]},"10":{"loc":{"start":{"line":154,"column":8},"end":{"line":154,"column":52}},"type":"binary-expr","locations":[{"start":{"line":154,"column":8},"end":{"line":154,"column":46}},{"start":{"line":154,"column":50},"end":{"line":154,"column":52}}]},"11":{"loc":{"start":{"line":170,"column":4},"end":{"line":172,"column":5}},"type":"if","locations":[{"start":{"line":170,"column":4},"end":{"line":172,"column":5}},{"start":{},"end":{}}]},"12":{"loc":{"start":{"line":179,"column":4},"end":{"line":181,"column":5}},"type":"if","locations":[{"start":{"line":179,"column":4},"end":{"line":181,"column":5}},{"start":{},"end":{}}]},"13":{"loc":{"start":{"line":184,"column":4},"end":{"line":186,"column":5}},"type":"if","locations":[{"start":{"line":184,"column":4},"end":{"line":186,"column":5}},{"start":{},"end":{}}]},"14":{"loc":{"start":{"line":188,"column":22},"end":{"line":190,"column":30}},"type":"cond-expr","locations":[{"start":{"line":189,"column":8},"end":{"line":189,"column":49}},{"start":{"line":190,"column":8},"end":{"line":190,"column":30}}]},"15":{"loc":{"start":{"line":192,"column":20},"end":{"line":194,"column":28}},"type":"cond-expr","locations":[{"start":{"line":193,"column":8},"end":{"line":193,"column":47}},{"start":{"line":194,"column":8},"end":{"line":194,"column":28}}]},"16":{"loc":{"start":{"line":196,"column":4},"end":{"line":198,"column":5}},"type":"if","locations":[{"start":{"line":196,"column":4},"end":{"line":198,"column":5}},{"start":{},"end":{}}]},"17":{"loc":{"start":{"line":210,"column":8},"end":{"line":210,"column":71}},"type":"binary-expr","locations":[{"start":{"line":210,"column":8},"end":{"line":210,"column":42}},{"start":{"line":210,"column":46},"end":{"line":210,"column":71}}]},"18":{"loc":{"start":{"line":225,"column":4},"end":{"line":227,"column":5}},"type":"if","locations":[{"start":{"line":225,"column":4},"end":{"line":227,"column":5}},{"start":{},"end":{}}]},"19":{"loc":{"start":{"line":234,"column":4},"end":{"line":236,"column":5}},"type":"if","locations":[{"start":{"line":234,"column":4},"end":{"line":236,"column":5}},{"start":{},"end":{}}]},"20":{"loc":{"start":{"line":238,"column":4},"end":{"line":240,"column":5}},"type":"if","locations":[{"start":{"line":238,"column":4},"end":{"line":240,"column":5}},{"start":{},"end":{}}]},"21":{"loc":{"start":{"line":263,"column":4},"end":{"line":265,"column":5}},"type":"if","locations":[{"start":{"line":263,"column":4},"end":{"line":265,"column":5}},{"start":{},"end":{}}]},"22":{"loc":{"start":{"line":20,"column":36},"end":{"line":20,"column":60}},"type":"cond-expr","locations":[{"start":{"line":20,"column":46},"end":{"line":20,"column":60}},{"start":{"line":20,"column":46},"end":{"line":20,"column":60}}]},"23":{"loc":{"start":{"line":20,"column":36},"end":{"line":20,"column":46}},"type":"binary-expr","locations":[{"start":{"line":20,"column":36},"end":{"line":20,"column":60}},{"start":{"line":20,"column":36},"end":{"line":20,"column":46}}]},"24":{"loc":{"start":{"line":20,"column":46},"end":{"line":22,"column":49}},"type":"cond-expr","locations":[{"start":{"line":22,"column":41},"end":{"line":22,"column":49}},{"start":{"line":22,"column":41},"end":{"line":22,"column":49}}]},"25":{"loc":{"start":{"line":20,"column":46},"end":{"line":22,"column":41}},"type":"binary-expr","locations":[{"start":{"line":20,"column":46},"end":{"line":22,"column":49}},{"start":{"line":22,"column":31},"end":{"line":22,"column":41}}]}},"s":{"0":0,"1":0,"2":0,"3":0,"4":0,"5":0,"6":0,"7":0,"8":0,"9":0,"10":0,"11":0,"12":0,"13":0,"14":0,"15":0,"16":0,"17":0,"18":0,"19":0,"20":0,"21":0,"22":0,"23":0,"24":0,"25":0,"26":0,"27":0,"28":0,"29":0,"30":0,"31":0,"32":0,"33":0,"34":0,"35":0,"36":0,"37":0,"38":0,"39":0,"40":0,"41":0,"42":0,"43":0,"44":0,"45":0,"46":0,"47":0,"48":0,"49":0,"50":0,"51":0,"52":0,"53":0,"54":0,"55":0,"56":0,"57":0,"58":0,"59":0,"60":0,"61":0,"62":0,"63":0,"64":0,"65":0,"66":0,"67":0,"68":0,"69":0,"70":0,"71":0,"72":0,"73":0,"74":0,"75":0,"76":0,"77":0,"78":0,"79":0,"80":0,"81":0,"82":0,"83":0,"84":0,"85":0},"f":{"0":0,"1":0,"2":0,"3":0,"4":0,"5":0,"6":0,"7":0,"8":0,"9":0},"b":{"0":[0,0],"1":[0,0],"2":[0,0],"3":[0,0],"4":[0,0],"5":[0,0],"6":[0,0],"7":[0,0],"8":[0,0],"9":[0,0],"10":[0,0],"11":[0,0],"12":[0,0],"13":[0,0],"14":[0,0],"15":[0,0],"16":[0,0],"17":[0,0],"18":[0,0],"19":[0,0],"20":[0,0],"21":[0,0],"22":[0,0],"23":[0,0],"24":[0,0],"25":[0,0]}}
,"/app/src/modules/workers/services/termination.service.ts": {"path":"/app/src/modules/workers/services/termination.service.ts","statementMap":{"0":{"start":{"line":1,"column":0},"end":{"line":1,"column":null}},"1":{"start":{"line":6,"column":0},"end":{"line":6,"column":51}},"2":{"start":{"line":7,"column":0},"end":{"line":7,"column":37}},"3":{"start":{"line":8,"column":0},"end":{"line":8,"column":51}},"4":{"start":{"line":9,"column":0},"end":{"line":9,"column":61}},"5":{"start":{"line":10,"column":0},"end":{"line":10,"column":57}},"6":{"start":{"line":17,"column":7},"end":{"line":202,"column":null}},"7":{"start":{"line":20,"column":12},"end":{"line":20,"column":30}},"8":{"start":{"line":22,"column":12},"end":{"line":22,"column":35}},"9":{"start":{"line":23,"column":12},"end":{"line":23,"column":26}},"10":{"start":{"line":35,"column":19},"end":{"line":37,"column":6}},"11":{"start":{"line":39,"column":4},"end":{"line":41,"column":5}},"12":{"start":{"line":40,"column":6},"end":{"line":40,"column":54}},"13":{"start":{"line":43,"column":4},"end":{"line":45,"column":5}},"14":{"start":{"line":44,"column":6},"end":{"line":44,"column":68}},"15":{"start":{"line":47,"column":24},"end":{"line":47,"column":50}},"16":{"start":{"line":50,"column":21},"end":{"line":50,"column":46}},"17":{"start":{"line":51,"column":17},"end":{"line":51,"column":39}},"18":{"start":{"line":52,"column":18},"end":{"line":52,"column":37}},"19":{"start":{"line":53,"column":24},"end":{"line":53,"column":62}},"20":{"start":{"line":54,"column":23},"end":{"line":54,"column":41}},"21":{"start":{"line":55,"column":22},"end":{"line":55,"column":47}},"22":{"start":{"line":56,"column":27},"end":{"line":56,"column":49}},"23":{"start":{"line":59,"column":28},"end":{"line":59,"column":52}},"24":{"start":{"line":60,"column":28},"end":{"line":60,"column":37}},"25":{"start":{"line":61,"column":30},"end":{"line":61,"column":63}},"26":{"start":{"line":64,"column":25},"end":{"line":64,"column":26}},"27":{"start":{"line":67,"column":23},"end":{"line":67,"column":72}},"28":{"start":{"line":70,"column":27},"end":{"line":73,"column":null}},"29":{"start":{"line":76,"column":4},"end":{"line":96,"column":6}},"30":{"start":{"line":107,"column":19},"end":{"line":109,"column":6}},"31":{"start":{"line":111,"column":4},"end":{"line":113,"column":5}},"32":{"start":{"line":112,"column":6},"end":{"line":112,"column":54}},"33":{"start":{"line":115,"column":4},"end":{"line":117,"column":5}},"34":{"start":{"line":116,"column":6},"end":{"line":116,"column":68}},"35":{"start":{"line":120,"column":28},"end":{"line":120,"column":57}},"36":{"start":{"line":121,"column":25},"end":{"line":124,"column":null}},"37":{"start":{"line":128,"column":25},"end":{"line":128,"column":46}},"38":{"start":{"line":129,"column":32},"end":{"line":129,"column":60}},"39":{"start":{"line":131,"column":6},"end":{"line":134,"column":25}},"40":{"start":{"line":137,"column":27},"end":{"line":140,"column":null}},"41":{"start":{"line":144,"column":24},"end":{"line":163,"column":6}},"42":{"start":{"line":165,"column":29},"end":{"line":165,"column":79}},"43":{"start":{"line":168,"column":4},"end":{"line":168,"column":28}},"44":{"start":{"line":169,"column":4},"end":{"line":169,"column":42}},"45":{"start":{"line":170,"column":4},"end":{"line":170,"column":47}},"46":{"start":{"line":171,"column":4},"end":{"line":171,"column":45}},"47":{"start":{"line":173,"column":4},"end":{"line":173,"column":28}},"48":{"start":{"line":180,"column":4},"end":{"line":184,"column":7}},"49":{"start":{"line":191,"column":24},"end":{"line":194,"column":6}},"50":{"start":{"line":196,"column":4},"end":{"line":198,"column":5}},"51":{"start":{"line":197,"column":6},"end":{"line":197,"column":66}},"52":{"start":{"line":200,"column":4},"end":{"line":200,"column":23}},"53":{"start":{"line":17,"column":13},"end":{"line":17,"column":31}},"54":{"start":{"line":17,"column":13},"end":{"line":202,"column":null}}},"fnMap":{"0":{"name":"(anonymous_4)","decl":{"start":{"line":18,"column":2},"end":{"line":18,"column":null}},"loc":{"start":{"line":23,"column":38},"end":{"line":24,"column":6}}},"1":{"name":"(anonymous_5)","decl":{"start":{"line":30,"column":2},"end":{"line":30,"column":7}},"loc":{"start":{"line":33,"column":25},"end":{"line":97,"column":3}}},"2":{"name":"(anonymous_6)","decl":{"start":{"line":102,"column":2},"end":{"line":102,"column":7}},"loc":{"start":{"line":105,"column":29},"end":{"line":174,"column":3}}},"3":{"name":"(anonymous_7)","decl":{"start":{"line":179,"column":2},"end":{"line":179,"column":7}},"loc":{"start":{"line":179,"column":44},"end":{"line":185,"column":3}}},"4":{"name":"(anonymous_8)","decl":{"start":{"line":190,"column":2},"end":{"line":190,"column":7}},"loc":{"start":{"line":190,"column":49},"end":{"line":201,"column":3}}}},"branchMap":{"0":{"loc":{"start":{"line":39,"column":4},"end":{"line":41,"column":5}},"type":"if","locations":[{"start":{"line":39,"column":4},"end":{"line":41,"column":5}},{"start":{},"end":{}}]},"1":{"loc":{"start":{"line":43,"column":4},"end":{"line":45,"column":5}},"type":"if","locations":[{"start":{"line":43,"column":4},"end":{"line":45,"column":5}},{"start":{},"end":{}}]},"2":{"loc":{"start":{"line":59,"column":28},"end":{"line":59,"column":52}},"type":"binary-expr","locations":[{"start":{"line":59,"column":28},"end":{"line":59,"column":47}},{"start":{"line":59,"column":51},"end":{"line":59,"column":52}}]},"3":{"loc":{"start":{"line":111,"column":4},"end":{"line":113,"column":5}},"type":"if","locations":[{"start":{"line":111,"column":4},"end":{"line":113,"column":5}},{"start":{},"end":{}}]},"4":{"loc":{"start":{"line":115,"column":4},"end":{"line":117,"column":5}},"type":"if","locations":[{"start":{"line":115,"column":4},"end":{"line":117,"column":5}},{"start":{},"end":{}}]},"5":{"loc":{"start":{"line":128,"column":25},"end":{"line":128,"column":46}},"type":"binary-expr","locations":[{"start":{"line":128,"column":25},"end":{"line":128,"column":41}},{"start":{"line":128,"column":45},"end":{"line":128,"column":46}}]},"6":{"loc":{"start":{"line":129,"column":32},"end":{"line":129,"column":60}},"type":"binary-expr","locations":[{"start":{"line":129,"column":32},"end":{"line":129,"column":55}},{"start":{"line":129,"column":59},"end":{"line":129,"column":60}}]},"7":{"loc":{"start":{"line":149,"column":23},"end":{"line":151,"column":25}},"type":"cond-expr","locations":[{"start":{"line":150,"column":10},"end":{"line":150,"column":39}},{"start":{"line":151,"column":10},"end":{"line":151,"column":25}}]},"8":{"loc":{"start":{"line":152,"column":24},"end":{"line":152,"column":49}},"type":"binary-expr","locations":[{"start":{"line":152,"column":24},"end":{"line":152,"column":44}},{"start":{"line":152,"column":48},"end":{"line":152,"column":49}}]},"9":{"loc":{"start":{"line":196,"column":4},"end":{"line":198,"column":5}},"type":"if","locations":[{"start":{"line":196,"column":4},"end":{"line":198,"column":5}},{"start":{},"end":{}}]},"10":{"loc":{"start":{"line":20,"column":30},"end":{"line":20,"column":48}},"type":"cond-expr","locations":[{"start":{"line":20,"column":40},"end":{"line":20,"column":48}},{"start":{"line":20,"column":40},"end":{"line":20,"column":48}}]},"11":{"loc":{"start":{"line":20,"column":30},"end":{"line":20,"column":40}},"type":"binary-expr","locations":[{"start":{"line":20,"column":30},"end":{"line":20,"column":48}},{"start":{"line":20,"column":30},"end":{"line":20,"column":40}}]},"12":{"loc":{"start":{"line":20,"column":40},"end":{"line":22,"column":58}},"type":"cond-expr","locations":[{"start":{"line":22,"column":45},"end":{"line":22,"column":58}},{"start":{"line":22,"column":45},"end":{"line":22,"column":58}}]},"13":{"loc":{"start":{"line":20,"column":40},"end":{"line":22,"column":45}},"type":"binary-expr","locations":[{"start":{"line":20,"column":40},"end":{"line":22,"column":58}},{"start":{"line":22,"column":35},"end":{"line":22,"column":45}}]},"14":{"loc":{"start":{"line":22,"column":45},"end":{"line":23,"column":null}},"type":"cond-expr","locations":[{"start":{"line":23,"column":38},"end":{"line":23,"column":null}},{"start":{"line":23,"column":38},"end":{"line":23,"column":null}}]},"15":{"loc":{"start":{"line":22,"column":45},"end":{"line":23,"column":38}},"type":"binary-expr","locations":[{"start":{"line":22,"column":45},"end":{"line":23,"column":null}},{"start":{"line":23,"column":26},"end":{"line":23,"column":38}}]}},"s":{"0":0,"1":0,"2":0,"3":0,"4":0,"5":0,"6":0,"7":0,"8":0,"9":0,"10":0,"11":0,"12":0,"13":0,"14":0,"15":0,"16":0,"17":0,"18":0,"19":0,"20":0,"21":0,"22":0,"23":0,"24":0,"25":0,"26":0,"27":0,"28":0,"29":0,"30":0,"31":0,"32":0,"33":0,"34":0,"35":0,"36":0,"37":0,"38":0,"39":0,"40":0,"41":0,"42":0,"43":0,"44":0,"45":0,"46":0,"47":0,"48":0,"49":0,"50":0,"51":0,"52":0,"53":0,"54":0},"f":{"0":0,"1":0,"2":0,"3":0,"4":0},"b":{"0":[0,0],"1":[0,0],"2":[0,0],"3":[0,0],"4":[0,0],"5":[0,0],"6":[0,0],"7":[0,0],"8":[0,0],"9":[0,0],"10":[0,0],"11":[0,0],"12":[0,0],"13":[0,0],"14":[0,0],"15":[0,0]}}
}
